<!DOCTYPE html>
<html>
<head>
  
<meta http-equiv="Content-Type" content="text/html; charset=UTF-8" />

<script type="text/javascript" src="js/jquery.min.js"></script>
<script type="text/javascript" src="js/jquery.tablesorter.min.js"></script>
<script type="text/javascript" src="js/Chart.min.js"></script>
<script type="text/javascript" src="js/moment.min.js"></script>
<script type="text/javascript" src="js/bootstrap.min.js"></script>

<link rel="stylesheet" href="css/bootstrap.min.css" type="text/css"/>
<link rel="stylesheet" href="css/cucumber.css" type="text/css"/>
<link rel="stylesheet" href="css/font-awesome.min.css"/>
<link rel="shortcut icon" href="images/favicon.png"/>

<script type="text/javascript">
$(document).ready(function() {
    // this will tell tablesorter to try looking for the data-value attribute
    // if present, it'll sort by that instead
    // otherwise, it'll sort by the text content of the table cell
    $("#tablesorter").tablesorter({
        textAttribute: 'data-value',
        // ignores the first row of the header, the 'scenario', 'steps', since
        // sorting those doesn't make sense
        selectorHeaders: '> thead tr:not(.dont-sort) th',
        // use a stable sort
        sortStable: true
    });
});
</script>










  
<title>Cucumber Reports (no 1) - Failures Overview</title>

</head>

<body>

<nav class="navbar navbar-default navbar-fixed-top" id="navigation">
  <div class="container-fluid">
    <div class="collapse navbar-collapse">
      <p class="navbar-text navbar-left">Cucumber Report</p>
      <ul class="nav navbar-nav navbar-right">
                <li role="presentation" ><a href="overview-features.html">Features</a></li>
        <li role="presentation" ><a href="overview-tags.html">Tags</a></li>
        <li role="presentation" ><a href="overview-steps.html">Steps</a></li>
                <li role="presentation"  class="active" ><a href="overview-failures.html">Failures</a></li>
      </ul>
    </div>
  </div>
</nav>


<div class="container-fluid">
  <div class="col-md-5 col-md-offset-1">
    
<table class="table table-bordered" id="build-info">
  <thead>
    <tr>
      <th>Project</th>
              <th>Number</th>
            <th>Date</th>
    </tr>
  </thead>
  <tbody>
    <tr class="info">
      <td>CucumberAutomation</td>
              <td>1</td>
            <td>17 Sep 2024, 09:57</td>
    </tr>
  </tbody>
</table>

  </div>
  <div class="col-md-3 col-md-offset-2">
      </div>
</div>


<div id="report-lead" class="container-fluid">
  <div class="col-md-10 col-md-offset-1">
    <h2>Failures Overview</h2>
          <p>The following summary displays scenarios that failed.</p>
      </div>
</div>


<div class="container-fluid">
  <div class="row">
    <div class="col-md-10 col-md-offset-10">
      <i class="fa fa-chevron-circle-down fa-2x collapsable-control"
        onClick="javascript:$('#report .collapsable-details').collapse('show')"></i>
      <i class="fa fa-chevron-circle-up fa-2x collapsable-control"
        onClick="javascript:$('#report .collapsable-details').collapse('hide')"></i>
    </div>
  </div>
</div>


<div class="container-fluid" id="report">
  <div class="row">
    <div class="col-md-10 col-md-offset-1">

              <div class="elements">
                      
<div class="element">
      <div class="indention">
      <b>Feature:</b>
      <a href="report-feature_file-src-test-resources-features-busSearch-feature.html">Validate bus functionalities</a>
    </div>
  
  
<div class="tags indention">
  </div>


    <span data-toggle="collapse" class=" collapsable-control" data-target="#element-1">
    
<div class="brief failed">
  <span class="keyword indention">Background</span>
  <span class="name"></span>
  

       <i class="chevron fa fa-fw"></i>
  </div>

  </span>
  <div class="description indention"></div>

  <div id="element-1" class="collapse collapsable-details  in ">
    


    
<div class="steps inner-level">
    <div data-toggle="collapse" class=" collapsable-control" data-target="#steps-2">
    
<div class="brief failed">
  <span class="keyword indention">Steps</span>
  <span class="name"></span>
  

       <i class="chevron fa fa-fw"></i>
  </div>

  </div>

  <div id="steps-2" class="inner-level collapse collapsable-details  in ">
          <div class="step">
        
<div class="brief passed">
  <span class="keyword indention">Given</span>
  <span class="name">user opens the website</span>
  
  <span class="lead-duration duration">3s 806ms</span>

  </div>

        


        
        

        

        
  
      </div>
          <div class="step">
        
<div class="brief passed">
  <span class="keyword indention">Then</span>
  <span class="name">verify user is on home page</span>
  
  <span class="lead-duration duration">030ms</span>

  </div>

        


        
        

        

        
  
      </div>
          <div class="step">
        
<div class="brief passed">
  <span class="keyword indention">When</span>
  <span class="name">the user clicks on Bus from the navigation bar</span>
  
  <span class="lead-duration duration">2s 057ms</span>

  </div>

        


        
        

        

        
  
      </div>
          <div class="step">
        
<div class="brief passed">
  <span class="keyword indention">Then</span>
  <span class="name">verify the user is on the bus home page</span>
  
  <span class="lead-duration duration">012ms</span>

  </div>

        


        
        

        

        
  
      </div>
          <div class="step">
        
<div class="brief passed">
  <span class="keyword indention">When</span>
  <span class="name">user enter the source city &quot;bus.source.city&quot;</span>
  
  <span class="lead-duration duration">298ms</span>

  </div>

        


        
        

        

        
  
      </div>
          <div class="step">
        
<div class="brief passed">
  <span class="keyword indention">And</span>
  <span class="name">user enter the destination city &quot;bus.destination.city&quot;</span>
  
  <span class="lead-duration duration">332ms</span>

  </div>

        


        
        

        

        
  
      </div>
          <div class="step">
        
<div class="brief failed">
  <span class="keyword indention">And</span>
  <span class="name">user select departure date as &quot;bus.booking.checkout.date&quot;</span>
  
  <span class="lead-duration duration">45s 163ms</span>

  </div>

        

  <div class="inner-level">
    <div class="message indention">
      <div data-toggle="collapse" class="collapsable-control" data-target="#msg-3">
          <a>Error message</a>
      </div>
      <div id="msg-3" class="collapse collapsable-details">
        <pre>org.openqa.selenium.NoSuchElementException: no such element: Unable to locate element: {&quot;method&quot;:&quot;xpath&quot;,&quot;selector&quot;:&quot;//table[@class='ui-datepicker-calendar']//td[@data-handler='selectDay']/a[contains(text(), '12')]&quot;}
  (Session info: chrome=128.0.6613.138)
For documentation on this error, please visit: https://www.selenium.dev/documentation/webdriver/troubleshooting/errors#no-such-element-exception
Build info: version: '4.13.0', revision: 'ba948ece5b*'
System info: os.name: 'Windows 10', os.arch: 'amd64', os.version: '10.0', java.version: '17.0.1'
Driver info: org.openqa.selenium.chrome.ChromeDriver
Command: [d12c601ab18b83a0ff77e6c1ac60d2ac, findElement {using=xpath, value=//table[@class='ui-datepicker-calendar']//td[@data-handler='selectDay']/a[contains(text(), '12')]}]
Capabilities {acceptInsecureCerts: false, browserName: chrome, browserVersion: 128.0.6613.138, chrome: {chromedriverVersion: 128.0.6613.137 (fe621c5aa2d..., userDataDir: C:\Users\280662\AppData\Loc...}, fedcm:accounts: true, goog:chromeOptions: {debuggerAddress: localhost:54667}, networkConnectionEnabled: false, pageLoadStrategy: normal, platformName: windows, proxy: Proxy(), se:cdp: ws://localhost:54667/devtoo..., se:cdpVersion: 128.0.6613.138, setWindowRect: true, strictFileInteractability: false, timeouts: {implicit: 0, pageLoad: 300000, script: 30000}, unhandledPromptBehavior: dismiss and notify, webauthn:extension:credBlob: true, webauthn:extension:largeBlob: true, webauthn:extension:minPinLength: true, webauthn:extension:prf: true, webauthn:virtualAuthenticators: true}
Session ID: d12c601ab18b83a0ff77e6c1ac60d2ac
	at java.base/jdk.internal.reflect.NativeConstructorAccessorImpl.newInstance0(Native Method)
	at java.base/jdk.internal.reflect.NativeConstructorAccessorImpl.newInstance(NativeConstructorAccessorImpl.java:77)
	at java.base/jdk.internal.reflect.DelegatingConstructorAccessorImpl.newInstance(DelegatingConstructorAccessorImpl.java:45)
	at java.base/java.lang.reflect.Constructor.newInstanceWithCaller(Constructor.java:499)
	at java.base/java.lang.reflect.Constructor.newInstance(Constructor.java:480)
	at org.openqa.selenium.remote.codec.w3c.W3CHttpResponseCodec.createException(W3CHttpResponseCodec.java:200)
	at org.openqa.selenium.remote.codec.w3c.W3CHttpResponseCodec.decode(W3CHttpResponseCodec.java:133)
	at org.openqa.selenium.remote.codec.w3c.W3CHttpResponseCodec.decode(W3CHttpResponseCodec.java:52)
	at org.openqa.selenium.remote.HttpCommandExecutor.execute(HttpCommandExecutor.java:191)
	at org.openqa.selenium.remote.service.DriverCommandExecutor.invokeExecute(DriverCommandExecutor.java:196)
	at org.openqa.selenium.remote.service.DriverCommandExecutor.execute(DriverCommandExecutor.java:171)
	at org.openqa.selenium.remote.RemoteWebDriver.execute(RemoteWebDriver.java:602)
	at org.openqa.selenium.remote.ElementLocation$ElementFinder$2.findElement(ElementLocation.java:165)
	at org.openqa.selenium.remote.ElementLocation.findElement(ElementLocation.java:59)
	at org.openqa.selenium.remote.RemoteWebDriver.findElement(RemoteWebDriver.java:359)
	at org.openqa.selenium.remote.RemoteWebDriver.findElement(RemoteWebDriver.java:353)
	at com.automation.pages.web.BusHomePageWeb.selectDepartureDate(BusHomePageWeb.java:81)
	at com.automation.steps.BusHomeSteps.user_select_departure_date_as(BusHomeSteps.java:50)
	at &#10045;.user select departure date as &quot;bus.booking.checkout.date&quot;(file:///C:/UST_Java/EaseMyTripAutomation/src/test/resources/features/busSearch.feature:10)
</pre>
      </div>
    </div>
  </div>


        
        

        

        
  
      </div>
          <div class="step">
        
<div class="brief skipped">
  <span class="keyword indention">And</span>
  <span class="name">user click on search button on the bus page</span>
  
  <span class="lead-duration duration">000ms</span>

  </div>

        


        
        

        

        
  
      </div>
      </div>
</div>


    

  </div>
</div>

                      
<div class="element">
      <div class="indention">
      <b>Feature:</b>
      <a href="report-feature_file-src-test-resources-features-busSearch-feature.html">Validate bus functionalities</a>
    </div>
  
  
<div class="tags indention">
      <b>Tags:</b>
           <a href="report-tag_web.html">@web</a>
           <a href="report-tag_mobile.html">@mobile</a>
      </div>


    <span data-toggle="collapse" class=" collapsable-control" data-target="#element-4">
    
<div class="brief failed">
  <span class="keyword indention">Scenario</span>
  <span class="name">Verify bus booking</span>
  

       <i class="chevron fa fa-fw"></i>
  </div>

  </span>
  <div class="description indention"></div>

  <div id="element-4" class="collapse collapsable-details  in ">
    
  <div class="inner-level hooks-before">
        <div data-toggle="collapse" class=" collapsed  collapsable-control" data-target="#before-5">
      
<div class="brief passed">
  <span class="keyword indention">Hooks</span>
  <span class="name"></span>
  

       <i class="chevron fa fa-fw"></i>
  </div>

    </div>

    <div id="before-5" class="inner-level collapse collapsable-details ">
              <div class="hook">
          <div class="brief passed">
            <span class="keyword indention">Before</span>
                          <span class="location name">com.automation.steps.Hooks.setUp()</span>
                        
  <span class="lead-duration duration">1s 839ms</span>

          </div>

                      

          
          
  
        </div>
          </div>
  </div>


    
<div class="steps inner-level">
    <div data-toggle="collapse" class=" collapsable-control" data-target="#steps-6">
    
<div class="brief failed">
  <span class="keyword indention">Steps</span>
  <span class="name"></span>
  

       <i class="chevron fa fa-fw"></i>
  </div>

  </div>

  <div id="steps-6" class="inner-level collapse collapsable-details  in ">
          <div class="step">
        
<div class="brief skipped">
  <span class="keyword indention">Then</span>
  <span class="name">verify user is on listing page of the bus page</span>
  
  <span class="lead-duration duration">000ms</span>

  </div>

        


        
        

        

        
  
      </div>
      </div>
</div>


    
  <div class="inner-level hooks-after">
        <div data-toggle="collapse" class=" collapsed  collapsable-control" data-target="#after-7">
      
<div class="brief passed">
  <span class="keyword indention">Hooks</span>
  <span class="name"></span>
  

       <i class="chevron fa fa-fw"></i>
  </div>

    </div>

    <div id="after-7" class="inner-level collapse collapsable-details ">
              <div class="hook">
          <div class="brief passed">
            <span class="keyword indention">After</span>
                          <span class="location name">com.automation.steps.Hooks.cleanUp()</span>
                        
  <span class="lead-duration duration">378ms</span>

          </div>

                      

          
          
  
        </div>
          </div>
  </div>

  </div>
</div>

                      
<div class="element">
      <div class="indention">
      <b>Feature:</b>
      <a href="report-feature_file-src-test-resources-features-busSearch-feature.html">Validate bus functionalities</a>
    </div>
  
  
<div class="tags indention">
  </div>


    <span data-toggle="collapse" class=" collapsable-control" data-target="#element-8">
    
<div class="brief failed">
  <span class="keyword indention">Background</span>
  <span class="name"></span>
  

       <i class="chevron fa fa-fw"></i>
  </div>

  </span>
  <div class="description indention"></div>

  <div id="element-8" class="collapse collapsable-details  in ">
    


    
<div class="steps inner-level">
    <div data-toggle="collapse" class=" collapsable-control" data-target="#steps-9">
    
<div class="brief failed">
  <span class="keyword indention">Steps</span>
  <span class="name"></span>
  

       <i class="chevron fa fa-fw"></i>
  </div>

  </div>

  <div id="steps-9" class="inner-level collapse collapsable-details  in ">
          <div class="step">
        
<div class="brief passed">
  <span class="keyword indention">Given</span>
  <span class="name">user opens the website</span>
  
  <span class="lead-duration duration">4s 131ms</span>

  </div>

        


        
        

        

        
  
      </div>
          <div class="step">
        
<div class="brief passed">
  <span class="keyword indention">Then</span>
  <span class="name">verify user is on home page</span>
  
  <span class="lead-duration duration">031ms</span>

  </div>

        


        
        

        

        
  
      </div>
          <div class="step">
        
<div class="brief passed">
  <span class="keyword indention">When</span>
  <span class="name">the user clicks on Bus from the navigation bar</span>
  
  <span class="lead-duration duration">2s 841ms</span>

  </div>

        


        
        

        

        
  
      </div>
          <div class="step">
        
<div class="brief passed">
  <span class="keyword indention">Then</span>
  <span class="name">verify the user is on the bus home page</span>
  
  <span class="lead-duration duration">011ms</span>

  </div>

        


        
        

        

        
  
      </div>
          <div class="step">
        
<div class="brief passed">
  <span class="keyword indention">When</span>
  <span class="name">user enter the source city &quot;bus.source.city&quot;</span>
  
  <span class="lead-duration duration">316ms</span>

  </div>

        


        
        

        

        
  
      </div>
          <div class="step">
        
<div class="brief passed">
  <span class="keyword indention">And</span>
  <span class="name">user enter the destination city &quot;bus.destination.city&quot;</span>
  
  <span class="lead-duration duration">328ms</span>

  </div>

        


        
        

        

        
  
      </div>
          <div class="step">
        
<div class="brief failed">
  <span class="keyword indention">And</span>
  <span class="name">user select departure date as &quot;bus.booking.checkout.date&quot;</span>
  
  <span class="lead-duration duration">45s 178ms</span>

  </div>

        

  <div class="inner-level">
    <div class="message indention">
      <div data-toggle="collapse" class="collapsable-control" data-target="#msg-10">
          <a>Error message</a>
      </div>
      <div id="msg-10" class="collapse collapsable-details">
        <pre>org.openqa.selenium.NoSuchElementException: no such element: Unable to locate element: {&quot;method&quot;:&quot;xpath&quot;,&quot;selector&quot;:&quot;//table[@class='ui-datepicker-calendar']//td[@data-handler='selectDay']/a[contains(text(), '12')]&quot;}
  (Session info: chrome=128.0.6613.138)
For documentation on this error, please visit: https://www.selenium.dev/documentation/webdriver/troubleshooting/errors#no-such-element-exception
Build info: version: '4.13.0', revision: 'ba948ece5b*'
System info: os.name: 'Windows 10', os.arch: 'amd64', os.version: '10.0', java.version: '17.0.1'
Driver info: org.openqa.selenium.chrome.ChromeDriver
Command: [206eb1f3579790a09941aaf1193b96d4, findElement {using=xpath, value=//table[@class='ui-datepicker-calendar']//td[@data-handler='selectDay']/a[contains(text(), '12')]}]
Capabilities {acceptInsecureCerts: false, browserName: chrome, browserVersion: 128.0.6613.138, chrome: {chromedriverVersion: 128.0.6613.137 (fe621c5aa2d..., userDataDir: C:\Users\280662\AppData\Loc...}, fedcm:accounts: true, goog:chromeOptions: {debuggerAddress: localhost:54897}, networkConnectionEnabled: false, pageLoadStrategy: normal, platformName: windows, proxy: Proxy(), se:cdp: ws://localhost:54897/devtoo..., se:cdpVersion: 128.0.6613.138, setWindowRect: true, strictFileInteractability: false, timeouts: {implicit: 0, pageLoad: 300000, script: 30000}, unhandledPromptBehavior: dismiss and notify, webauthn:extension:credBlob: true, webauthn:extension:largeBlob: true, webauthn:extension:minPinLength: true, webauthn:extension:prf: true, webauthn:virtualAuthenticators: true}
Session ID: 206eb1f3579790a09941aaf1193b96d4
	at java.base/jdk.internal.reflect.NativeConstructorAccessorImpl.newInstance0(Native Method)
	at java.base/jdk.internal.reflect.NativeConstructorAccessorImpl.newInstance(NativeConstructorAccessorImpl.java:77)
	at java.base/jdk.internal.reflect.DelegatingConstructorAccessorImpl.newInstance(DelegatingConstructorAccessorImpl.java:45)
	at java.base/java.lang.reflect.Constructor.newInstanceWithCaller(Constructor.java:499)
	at java.base/java.lang.reflect.Constructor.newInstance(Constructor.java:480)
	at org.openqa.selenium.remote.codec.w3c.W3CHttpResponseCodec.createException(W3CHttpResponseCodec.java:200)
	at org.openqa.selenium.remote.codec.w3c.W3CHttpResponseCodec.decode(W3CHttpResponseCodec.java:133)
	at org.openqa.selenium.remote.codec.w3c.W3CHttpResponseCodec.decode(W3CHttpResponseCodec.java:52)
	at org.openqa.selenium.remote.HttpCommandExecutor.execute(HttpCommandExecutor.java:191)
	at org.openqa.selenium.remote.service.DriverCommandExecutor.invokeExecute(DriverCommandExecutor.java:196)
	at org.openqa.selenium.remote.service.DriverCommandExecutor.execute(DriverCommandExecutor.java:171)
	at org.openqa.selenium.remote.RemoteWebDriver.execute(RemoteWebDriver.java:602)
	at org.openqa.selenium.remote.ElementLocation$ElementFinder$2.findElement(ElementLocation.java:165)
	at org.openqa.selenium.remote.ElementLocation.findElement(ElementLocation.java:59)
	at org.openqa.selenium.remote.RemoteWebDriver.findElement(RemoteWebDriver.java:359)
	at org.openqa.selenium.remote.RemoteWebDriver.findElement(RemoteWebDriver.java:353)
	at com.automation.pages.web.BusHomePageWeb.selectDepartureDate(BusHomePageWeb.java:81)
	at com.automation.steps.BusHomeSteps.user_select_departure_date_as(BusHomeSteps.java:50)
	at &#10045;.user select departure date as &quot;bus.booking.checkout.date&quot;(file:///C:/UST_Java/EaseMyTripAutomation/src/test/resources/features/busSearch.feature:10)
</pre>
      </div>
    </div>
  </div>


        
        

        

        
  
      </div>
          <div class="step">
        
<div class="brief skipped">
  <span class="keyword indention">And</span>
  <span class="name">user click on search button on the bus page</span>
  
  <span class="lead-duration duration">000ms</span>

  </div>

        


        
        

        

        
  
      </div>
      </div>
</div>


    

  </div>
</div>

                      
<div class="element">
      <div class="indention">
      <b>Feature:</b>
      <a href="report-feature_file-src-test-resources-features-busSearch-feature.html">Validate bus functionalities</a>
    </div>
  
  
<div class="tags indention">
      <b>Tags:</b>
           <a href="report-tag_web.html">@web</a>
      </div>


    <span data-toggle="collapse" class=" collapsable-control" data-target="#element-11">
    
<div class="brief failed">
  <span class="keyword indention">Scenario</span>
  <span class="name">Verify bus booking checkout</span>
  

       <i class="chevron fa fa-fw"></i>
  </div>

  </span>
  <div class="description indention"></div>

  <div id="element-11" class="collapse collapsable-details  in ">
    
  <div class="inner-level hooks-before">
        <div data-toggle="collapse" class=" collapsed  collapsable-control" data-target="#before-12">
      
<div class="brief passed">
  <span class="keyword indention">Hooks</span>
  <span class="name"></span>
  

       <i class="chevron fa fa-fw"></i>
  </div>

    </div>

    <div id="before-12" class="inner-level collapse collapsable-details ">
              <div class="hook">
          <div class="brief passed">
            <span class="keyword indention">Before</span>
                          <span class="location name">com.automation.steps.Hooks.setUp()</span>
                        
  <span class="lead-duration duration">1s 812ms</span>

          </div>

                      

          
          
  
        </div>
          </div>
  </div>


    
<div class="steps inner-level">
    <div data-toggle="collapse" class=" collapsable-control" data-target="#steps-13">
    
<div class="brief failed">
  <span class="keyword indention">Steps</span>
  <span class="name"></span>
  

       <i class="chevron fa fa-fw"></i>
  </div>

  </div>

  <div id="steps-13" class="inner-level collapse collapsable-details  in ">
          <div class="step">
        
<div class="brief skipped">
  <span class="keyword indention">Then</span>
  <span class="name">verify user is on listing page of the bus page</span>
  
  <span class="lead-duration duration">000ms</span>

  </div>

        


        
        

        

        
  
      </div>
          <div class="step">
        
<div class="brief skipped">
  <span class="keyword indention">When</span>
  <span class="name">user click on select seat button for the first bus displayed on listing page</span>
  
  <span class="lead-duration duration">000ms</span>

  </div>

        


        
        

        

        
  
      </div>
          <div class="step">
        
<div class="brief skipped">
  <span class="keyword indention">And</span>
  <span class="name">select the first available seat</span>
  
  <span class="lead-duration duration">000ms</span>

  </div>

        


        
        

        

        
  
      </div>
          <div class="step">
        
<div class="brief skipped">
  <span class="keyword indention">Then</span>
  <span class="name">verify the seat is selected</span>
  
  <span class="lead-duration duration">000ms</span>

  </div>

        


        
        

        

        
  
      </div>
          <div class="step">
        
<div class="brief skipped">
  <span class="keyword indention">And</span>
  <span class="name">user select the first boarding point</span>
  
  <span class="lead-duration duration">000ms</span>

  </div>

        


        
        

        

        
  
      </div>
          <div class="step">
        
<div class="brief skipped">
  <span class="keyword indention">And</span>
  <span class="name">user select the first dropping point</span>
  
  <span class="lead-duration duration">000ms</span>

  </div>

        


        
        

        

        
  
      </div>
          <div class="step">
        
<div class="brief skipped">
  <span class="keyword indention">And</span>
  <span class="name">user click on continue button</span>
  
  <span class="lead-duration duration">000ms</span>

  </div>

        


        
        

        

        
  
      </div>
          <div class="step">
        
<div class="brief skipped">
  <span class="keyword indention">Then</span>
  <span class="name">verify user is on bus booking review page</span>
  
  <span class="lead-duration duration">000ms</span>

  </div>

        


        
        

        

        
  
      </div>
          <div class="step">
        
<div class="brief skipped">
  <span class="keyword indention">When</span>
  <span class="name">user click on &quot;secure my trip with insurance&quot;</span>
  
  <span class="lead-duration duration">000ms</span>

  </div>

        


        
        

        

        
  
      </div>
          <div class="step">
        
<div class="brief skipped">
  <span class="keyword indention">And</span>
  <span class="name">enter the email address &quot;bus.booking.email&quot;</span>
  
  <span class="lead-duration duration">000ms</span>

  </div>

        


        
        

        

        
  
      </div>
          <div class="step">
        
<div class="brief skipped">
  <span class="keyword indention">And</span>
  <span class="name">user click on continue button in review booking page</span>
  
  <span class="lead-duration duration">000ms</span>

  </div>

        


        
        

        

        
  
      </div>
          <div class="step">
        
<div class="brief skipped">
  <span class="keyword indention">Then</span>
  <span class="name">verify user is on bus booking travellers page</span>
  
  <span class="lead-duration duration">000ms</span>

  </div>

        


        
        

        

        
  
      </div>
          <div class="step">
        
<div class="brief skipped">
  <span class="keyword indention">When</span>
  <span class="name">user enter the traveller details</span>
  
  <span class="lead-duration duration">000ms</span>

  </div>

        


                  <table class="step-arguments">
                          <tr>
                                  <td>bus.booking.title</td>
                              </tr>
                          <tr>
                                  <td>bus.booking.first.name</td>
                              </tr>
                          <tr>
                                  <td>bus.booking.last.name</td>
                              </tr>
                          <tr>
                                  <td>bus.booking.age</td>
                              </tr>
                      </table>
        
        

        

        
  
      </div>
          <div class="step">
        
<div class="brief skipped">
  <span class="keyword indention">And</span>
  <span class="name">user enter the mobile number</span>
  
  <span class="lead-duration duration">000ms</span>

  </div>

        


        
        

        

        
  
      </div>
          <div class="step">
        
<div class="brief skipped">
  <span class="keyword indention">And</span>
  <span class="name">user click on continue button in travellers booking page</span>
  
  <span class="lead-duration duration">000ms</span>

  </div>

        


        
        

        

        
  
      </div>
          <div class="step">
        
<div class="brief skipped">
  <span class="keyword indention">Then</span>
  <span class="name">verify user is on payment booking page</span>
  
  <span class="lead-duration duration">000ms</span>

  </div>

        


        
        

        

        
  
      </div>
      </div>
</div>


    
  <div class="inner-level hooks-after">
        <div data-toggle="collapse" class=" collapsed  collapsable-control" data-target="#after-14">
      
<div class="brief passed">
  <span class="keyword indention">Hooks</span>
  <span class="name"></span>
  

       <i class="chevron fa fa-fw"></i>
  </div>

    </div>

    <div id="after-14" class="inner-level collapse collapsable-details ">
              <div class="hook">
          <div class="brief passed">
            <span class="keyword indention">After</span>
                          <span class="location name">com.automation.steps.Hooks.cleanUp()</span>
                        
  <span class="lead-duration duration">322ms</span>

          </div>

                      

          
          
  
        </div>
          </div>
  </div>

  </div>
</div>

                      
<div class="element">
      <div class="indention">
      <b>Feature:</b>
      <a href="report-feature_file-src-test-resources-features-flightFilter-feature.html">Validate flight filter</a>
    </div>
  
  
<div class="tags indention">
      <b>Tags:</b>
           <a href="report-tag_web.html">@web</a>
           <a href="report-tag_mobile.html">@mobile</a>
      </div>


    <span data-toggle="collapse" class=" collapsable-control" data-target="#element-15">
    
<div class="brief failed">
  <span class="keyword indention">Scenario</span>
  <span class="name">Verify flight listing page with specific flight</span>
  

       <i class="chevron fa fa-fw"></i>
  </div>

  </span>
  <div class="description indention"></div>

  <div id="element-15" class="collapse collapsable-details  in ">
    
  <div class="inner-level hooks-before">
        <div data-toggle="collapse" class=" collapsed  collapsable-control" data-target="#before-16">
      
<div class="brief passed">
  <span class="keyword indention">Hooks</span>
  <span class="name"></span>
  

       <i class="chevron fa fa-fw"></i>
  </div>

    </div>

    <div id="before-16" class="inner-level collapse collapsable-details ">
              <div class="hook">
          <div class="brief passed">
            <span class="keyword indention">Before</span>
                          <span class="location name">com.automation.steps.Hooks.setUp()</span>
                        
  <span class="lead-duration duration">1s 774ms</span>

          </div>

                      

          
          
  
        </div>
          </div>
  </div>


    
<div class="steps inner-level">
    <div data-toggle="collapse" class=" collapsable-control" data-target="#steps-17">
    
<div class="brief failed">
  <span class="keyword indention">Steps</span>
  <span class="name"></span>
  

       <i class="chevron fa fa-fw"></i>
  </div>

  </div>

  <div id="steps-17" class="inner-level collapse collapsable-details  in ">
          <div class="step">
        
<div class="brief passed">
  <span class="keyword indention">Given</span>
  <span class="name">user opens the website</span>
  
  <span class="lead-duration duration">3s 541ms</span>

  </div>

        


        
        

        

        
  
      </div>
          <div class="step">
        
<div class="brief passed">
  <span class="keyword indention">Then</span>
  <span class="name">verify user is on home page</span>
  
  <span class="lead-duration duration">029ms</span>

  </div>

        


        
        

        

        
  
      </div>
          <div class="step">
        
<div class="brief passed">
  <span class="keyword indention">When</span>
  <span class="name">user click on from city</span>
  
  <span class="lead-duration duration">029ms</span>

  </div>

        


        
        

        

        
  
      </div>
          <div class="step">
        
<div class="brief passed">
  <span class="keyword indention">And</span>
  <span class="name">user enter from city &quot;flight.source.city&quot;</span>
  
  <span class="lead-duration duration">305ms</span>

  </div>

        


        
        

        

        
  
      </div>
          <div class="step">
        
<div class="brief passed">
  <span class="keyword indention">And</span>
  <span class="name">user click on to city</span>
  
  <span class="lead-duration duration">141ms</span>

  </div>

        


        
        

        

        
  
      </div>
          <div class="step">
        
<div class="brief passed">
  <span class="keyword indention">And</span>
  <span class="name">user enter to city &quot;flight.destination.city&quot;</span>
  
  <span class="lead-duration duration">241ms</span>

  </div>

        


        
        

        

        
  
      </div>
          <div class="step">
        
<div class="brief passed">
  <span class="keyword indention">And</span>
  <span class="name">click on departure date</span>
  
  <span class="lead-duration duration">048ms</span>

  </div>

        


        
        

        

        
  
      </div>
          <div class="step">
        
<div class="brief failed">
  <span class="keyword indention">And</span>
  <span class="name">select date &quot;flight.booking.date&quot;</span>
  
  <span class="lead-duration duration">30s 166ms</span>

  </div>

        

  <div class="inner-level">
    <div class="message indention">
      <div data-toggle="collapse" class="collapsable-control" data-target="#msg-18">
          <a>Error message</a>
      </div>
      <div id="msg-18" class="collapse collapsable-details">
        <pre>org.openqa.selenium.ElementNotInteractableException: element not interactable
  (Session info: chrome=128.0.6613.138)
Build info: version: '4.13.0', revision: 'ba948ece5b*'
System info: os.name: 'Windows 10', os.arch: 'amd64', os.version: '10.0', java.version: '17.0.1'
Driver info: org.openqa.selenium.chrome.ChromeDriver
Command: [fefb6138ad47cfcdc2fbac8296f22624, clickElement {id=f.686C589A50DE13C17C6B9A6E56B6FCD1.d.09C614D5F7EAF508D4190EC8D554616E.e.334}]
Capabilities {acceptInsecureCerts: false, browserName: chrome, browserVersion: 128.0.6613.138, chrome: {chromedriverVersion: 128.0.6613.137 (fe621c5aa2d..., userDataDir: C:\Users\280662\AppData\Loc...}, fedcm:accounts: true, goog:chromeOptions: {debuggerAddress: localhost:55163}, networkConnectionEnabled: false, pageLoadStrategy: normal, platformName: windows, proxy: Proxy(), se:cdp: ws://localhost:55163/devtoo..., se:cdpVersion: 128.0.6613.138, setWindowRect: true, strictFileInteractability: false, timeouts: {implicit: 0, pageLoad: 300000, script: 30000}, unhandledPromptBehavior: dismiss and notify, webauthn:extension:credBlob: true, webauthn:extension:largeBlob: true, webauthn:extension:minPinLength: true, webauthn:extension:prf: true, webauthn:virtualAuthenticators: true}
Element: [[ChromeDriver: chrome on windows (fefb6138ad47cfcdc2fbac8296f22624)] -&gt; xpath: //div[@class='main1']/div[@class='box1']//div[@class='month3']]
Session ID: fefb6138ad47cfcdc2fbac8296f22624
	at java.base/jdk.internal.reflect.NativeConstructorAccessorImpl.newInstance0(Native Method)
	at java.base/jdk.internal.reflect.NativeConstructorAccessorImpl.newInstance(NativeConstructorAccessorImpl.java:77)
	at java.base/jdk.internal.reflect.DelegatingConstructorAccessorImpl.newInstance(DelegatingConstructorAccessorImpl.java:45)
	at java.base/java.lang.reflect.Constructor.newInstanceWithCaller(Constructor.java:499)
	at java.base/java.lang.reflect.Constructor.newInstance(Constructor.java:480)
	at org.openqa.selenium.remote.codec.w3c.W3CHttpResponseCodec.createException(W3CHttpResponseCodec.java:200)
	at org.openqa.selenium.remote.codec.w3c.W3CHttpResponseCodec.decode(W3CHttpResponseCodec.java:133)
	at org.openqa.selenium.remote.codec.w3c.W3CHttpResponseCodec.decode(W3CHttpResponseCodec.java:52)
	at org.openqa.selenium.remote.HttpCommandExecutor.execute(HttpCommandExecutor.java:191)
	at org.openqa.selenium.remote.service.DriverCommandExecutor.invokeExecute(DriverCommandExecutor.java:196)
	at org.openqa.selenium.remote.service.DriverCommandExecutor.execute(DriverCommandExecutor.java:171)
	at org.openqa.selenium.remote.RemoteWebDriver.execute(RemoteWebDriver.java:602)
	at org.openqa.selenium.remote.RemoteWebElement.execute(RemoteWebElement.java:224)
	at org.openqa.selenium.remote.RemoteWebElement.click(RemoteWebElement.java:77)
	at com.automation.pages.web.FlightHomePageWeb.selectDate(FlightHomePageWeb.java:63)
	at com.automation.steps.FlightHomeSteps.selectDate(FlightHomeSteps.java:48)
	at &#10045;.select date &quot;flight.booking.date&quot;(file:///C:/UST_Java/EaseMyTripAutomation/src/test/resources/features/flightFilter.feature:12)
</pre>
      </div>
    </div>
  </div>


        
        

        

        
  
      </div>
          <div class="step">
        
<div class="brief skipped">
  <span class="keyword indention">And</span>
  <span class="name">click on search button</span>
  
  <span class="lead-duration duration">000ms</span>

  </div>

        


        
        

        

        
  
      </div>
          <div class="step">
        
<div class="brief skipped">
  <span class="keyword indention">Then</span>
  <span class="name">verify on flight list page</span>
  
  <span class="lead-duration duration">000ms</span>

  </div>

        


        
        

        

        
  
      </div>
          <div class="step">
        
<div class="brief skipped">
  <span class="keyword indention">When</span>
  <span class="name">user unTicks all the flights except the flight to be filtered &quot;flight.filter.name&quot;</span>
  
  <span class="lead-duration duration">000ms</span>

  </div>

        


        
        

        

        
  
      </div>
          <div class="step">
        
<div class="brief skipped">
  <span class="keyword indention">Then</span>
  <span class="name">verify that only the filtered flight &quot;flight.filter.name&quot; is present on the flight listing page</span>
  
  <span class="lead-duration duration">000ms</span>

  </div>

        


        
        

        

        
  
      </div>
      </div>
</div>


    
  <div class="inner-level hooks-after">
        <div data-toggle="collapse" class=" collapsed  collapsable-control" data-target="#after-19">
      
<div class="brief passed">
  <span class="keyword indention">Hooks</span>
  <span class="name"></span>
  

       <i class="chevron fa fa-fw"></i>
  </div>

    </div>

    <div id="after-19" class="inner-level collapse collapsable-details ">
              <div class="hook">
          <div class="brief passed">
            <span class="keyword indention">After</span>
                          <span class="location name">com.automation.steps.Hooks.cleanUp()</span>
                        
  <span class="lead-duration duration">318ms</span>

          </div>

                      

          
          
  
        </div>
          </div>
  </div>

  </div>
</div>

                      
<div class="element">
      <div class="indention">
      <b>Feature:</b>
      <a href="report-feature_file-src-test-resources-features-holidaySearch-feature.html">Validate holidays functionality</a>
    </div>
  
  
<div class="tags indention">
      <b>Tags:</b>
           <a href="report-tag_web.html">@web</a>
           <a href="report-tag_mobile.html">@mobile</a>
      </div>


    <span data-toggle="collapse" class=" collapsable-control" data-target="#element-20">
    
<div class="brief failed">
  <span class="keyword indention">Scenario Outline</span>
  <span class="name">Verify holidays package sorting</span>
  

       <i class="chevron fa fa-fw"></i>
  </div>

  </span>
  <div class="description indention"></div>

  <div id="element-20" class="collapse collapsable-details  in ">
    
  <div class="inner-level hooks-before">
        <div data-toggle="collapse" class=" collapsed  collapsable-control" data-target="#before-21">
      
<div class="brief passed">
  <span class="keyword indention">Hooks</span>
  <span class="name"></span>
  

       <i class="chevron fa fa-fw"></i>
  </div>

    </div>

    <div id="before-21" class="inner-level collapse collapsable-details ">
              <div class="hook">
          <div class="brief passed">
            <span class="keyword indention">Before</span>
                          <span class="location name">com.automation.steps.Hooks.setUp()</span>
                        
  <span class="lead-duration duration">2s 498ms</span>

          </div>

                      

          
          
  
        </div>
          </div>
  </div>


    
<div class="steps inner-level">
    <div data-toggle="collapse" class=" collapsable-control" data-target="#steps-22">
    
<div class="brief failed">
  <span class="keyword indention">Steps</span>
  <span class="name"></span>
  

       <i class="chevron fa fa-fw"></i>
  </div>

  </div>

  <div id="steps-22" class="inner-level collapse collapsable-details  in ">
          <div class="step">
        
<div class="brief passed">
  <span class="keyword indention">When</span>
  <span class="name">the user enters the destination &quot;holidays.destination&quot;</span>
  
  <span class="lead-duration duration">122ms</span>

  </div>

        


        
        

        

        
  
      </div>
          <div class="step">
        
<div class="brief passed">
  <span class="keyword indention">And</span>
  <span class="name">user select the destination from the dropdown list</span>
  
  <span class="lead-duration duration">1s 715ms</span>

  </div>

        


        
        

        

        
  
      </div>
          <div class="step">
        
<div class="brief passed">
  <span class="keyword indention">Then</span>
  <span class="name">verify the holidays listing page shows results for the destination &quot;holidays.destination&quot;</span>
  
  <span class="lead-duration duration">1s 841ms</span>

  </div>

        


        
        

        

        
  
      </div>
          <div class="step">
        
<div class="brief passed">
  <span class="keyword indention">When</span>
  <span class="name">user select sorting option from &quot;Low to High&quot;</span>
  
  <span class="lead-duration duration">273ms</span>

  </div>

        


        
        

        

        
  
      </div>
          <div class="step">
        
<div class="brief failed">
  <span class="keyword indention">Then</span>
  <span class="name">verify the holidays listing page shows results in &quot;Low to High&quot; order</span>
  
  <span class="lead-duration duration">495ms</span>

  </div>

        

  <div class="inner-level">
    <div class="message indention">
      <div data-toggle="collapse" class="collapsable-control" data-target="#msg-23">
          <a>Error message</a>
      </div>
      <div id="msg-23" class="collapse collapsable-details">
        <pre>java.lang.AssertionError
	at org.junit.Assert.fail(Assert.java:87)
	at org.junit.Assert.assertTrue(Assert.java:42)
	at org.junit.Assert.assertTrue(Assert.java:53)
	at com.automation.steps.HolidayListingSteps.verifyTheHolidaysListingPageShowsResultsInOrder(HolidayListingSteps.java:43)
	at &#10045;.verify the holidays listing page shows results in &quot;Low to High&quot; order(file:///C:/UST_Java/EaseMyTripAutomation/src/test/resources/features/holidaySearch.feature:34)
</pre>
      </div>
    </div>
  </div>


        
        

        

        
  
      </div>
      </div>
</div>


    
  <div class="inner-level hooks-after">
        <div data-toggle="collapse" class=" collapsed  collapsable-control" data-target="#after-24">
      
<div class="brief passed">
  <span class="keyword indention">Hooks</span>
  <span class="name"></span>
  

       <i class="chevron fa fa-fw"></i>
  </div>

    </div>

    <div id="after-24" class="inner-level collapse collapsable-details ">
              <div class="hook">
          <div class="brief passed">
            <span class="keyword indention">After</span>
                          <span class="location name">com.automation.steps.Hooks.cleanUp()</span>
                        
  <span class="lead-duration duration">538ms</span>

          </div>

                      

          
          
  
        </div>
          </div>
  </div>

  </div>
</div>

                      
<div class="element">
      <div class="indention">
      <b>Feature:</b>
      <a href="report-feature_file-src-test-resources-features-holidaySearch-feature.html">Validate holidays functionality</a>
    </div>
  
  
<div class="tags indention">
      <b>Tags:</b>
           <a href="report-tag_web.html">@web</a>
           <a href="report-tag_mobile.html">@mobile</a>
      </div>


    <span data-toggle="collapse" class=" collapsable-control" data-target="#element-25">
    
<div class="brief failed">
  <span class="keyword indention">Scenario Outline</span>
  <span class="name">Verify holidays package sorting</span>
  

       <i class="chevron fa fa-fw"></i>
  </div>

  </span>
  <div class="description indention"></div>

  <div id="element-25" class="collapse collapsable-details  in ">
    
  <div class="inner-level hooks-before">
        <div data-toggle="collapse" class=" collapsed  collapsable-control" data-target="#before-26">
      
<div class="brief passed">
  <span class="keyword indention">Hooks</span>
  <span class="name"></span>
  

       <i class="chevron fa fa-fw"></i>
  </div>

    </div>

    <div id="before-26" class="inner-level collapse collapsable-details ">
              <div class="hook">
          <div class="brief passed">
            <span class="keyword indention">Before</span>
                          <span class="location name">com.automation.steps.Hooks.setUp()</span>
                        
  <span class="lead-duration duration">2s 432ms</span>

          </div>

                      

          
          
  
        </div>
          </div>
  </div>


    
<div class="steps inner-level">
    <div data-toggle="collapse" class=" collapsable-control" data-target="#steps-27">
    
<div class="brief failed">
  <span class="keyword indention">Steps</span>
  <span class="name"></span>
  

       <i class="chevron fa fa-fw"></i>
  </div>

  </div>

  <div id="steps-27" class="inner-level collapse collapsable-details  in ">
          <div class="step">
        
<div class="brief passed">
  <span class="keyword indention">When</span>
  <span class="name">the user enters the destination &quot;holidays.destination&quot;</span>
  
  <span class="lead-duration duration">112ms</span>

  </div>

        


        
        

        

        
  
      </div>
          <div class="step">
        
<div class="brief passed">
  <span class="keyword indention">And</span>
  <span class="name">user select the destination from the dropdown list</span>
  
  <span class="lead-duration duration">1s 581ms</span>

  </div>

        


        
        

        

        
  
      </div>
          <div class="step">
        
<div class="brief passed">
  <span class="keyword indention">Then</span>
  <span class="name">verify the holidays listing page shows results for the destination &quot;holidays.destination&quot;</span>
  
  <span class="lead-duration duration">1s 380ms</span>

  </div>

        


        
        

        

        
  
      </div>
          <div class="step">
        
<div class="brief passed">
  <span class="keyword indention">When</span>
  <span class="name">user select sorting option from &quot;High to Low&quot;</span>
  
  <span class="lead-duration duration">249ms</span>

  </div>

        


        
        

        

        
  
      </div>
          <div class="step">
        
<div class="brief failed">
  <span class="keyword indention">Then</span>
  <span class="name">verify the holidays listing page shows results in &quot;High to Low&quot; order</span>
  
  <span class="lead-duration duration">507ms</span>

  </div>

        

  <div class="inner-level">
    <div class="message indention">
      <div data-toggle="collapse" class="collapsable-control" data-target="#msg-28">
          <a>Error message</a>
      </div>
      <div id="msg-28" class="collapse collapsable-details">
        <pre>java.lang.AssertionError
	at org.junit.Assert.fail(Assert.java:87)
	at org.junit.Assert.assertTrue(Assert.java:42)
	at org.junit.Assert.assertTrue(Assert.java:53)
	at com.automation.steps.HolidayListingSteps.verifyTheHolidaysListingPageShowsResultsInOrder(HolidayListingSteps.java:43)
	at &#10045;.verify the holidays listing page shows results in &quot;High to Low&quot; order(file:///C:/UST_Java/EaseMyTripAutomation/src/test/resources/features/holidaySearch.feature:34)
</pre>
      </div>
    </div>
  </div>


        
        

        

        
  
      </div>
      </div>
</div>


    
  <div class="inner-level hooks-after">
        <div data-toggle="collapse" class=" collapsed  collapsable-control" data-target="#after-29">
      
<div class="brief passed">
  <span class="keyword indention">Hooks</span>
  <span class="name"></span>
  

       <i class="chevron fa fa-fw"></i>
  </div>

    </div>

    <div id="after-29" class="inner-level collapse collapsable-details ">
              <div class="hook">
          <div class="brief passed">
            <span class="keyword indention">After</span>
                          <span class="location name">com.automation.steps.Hooks.cleanUp()</span>
                        
  <span class="lead-duration duration">586ms</span>

          </div>

                      

          
          
  
        </div>
          </div>
  </div>

  </div>
</div>

                      
<div class="element">
      <div class="indention">
      <b>Feature:</b>
      <a href="report-feature_file-src-test-resources-features-trainFilter-feature.html">Validate sort functionality for train</a>
    </div>
  
  
<div class="tags indention">
  </div>


    <span data-toggle="collapse" class=" collapsable-control" data-target="#element-30">
    
<div class="brief failed">
  <span class="keyword indention">Background</span>
  <span class="name"></span>
  

       <i class="chevron fa fa-fw"></i>
  </div>

  </span>
  <div class="description indention"></div>

  <div id="element-30" class="collapse collapsable-details  in ">
    


    
<div class="steps inner-level">
    <div data-toggle="collapse" class=" collapsable-control" data-target="#steps-31">
    
<div class="brief failed">
  <span class="keyword indention">Steps</span>
  <span class="name"></span>
  

       <i class="chevron fa fa-fw"></i>
  </div>

  </div>

  <div id="steps-31" class="inner-level collapse collapsable-details  in ">
          <div class="step">
        
<div class="brief passed">
  <span class="keyword indention">Given</span>
  <span class="name">user opens the website</span>
  
  <span class="lead-duration duration">4s 429ms</span>

  </div>

        


        
        

        

        
  
      </div>
          <div class="step">
        
<div class="brief passed">
  <span class="keyword indention">Then</span>
  <span class="name">verify user is on home page</span>
  
  <span class="lead-duration duration">042ms</span>

  </div>

        


        
        

        

        
  
      </div>
          <div class="step">
        
<div class="brief passed">
  <span class="keyword indention">When</span>
  <span class="name">user click on train menu</span>
  
  <span class="lead-duration duration">3s 332ms</span>

  </div>

        


        
        

        

        
  
      </div>
          <div class="step">
        
<div class="brief passed">
  <span class="keyword indention">Then</span>
  <span class="name">verify train home page is displayed</span>
  
  <span class="lead-duration duration">040ms</span>

  </div>

        


        
        

        

        
  
      </div>
          <div class="step">
        
<div class="brief passed">
  <span class="keyword indention">When</span>
  <span class="name">user select source station as &quot;Trivandrum&quot;</span>
  
  <span class="lead-duration duration">1s 207ms</span>

  </div>

        


        
        

        

        
  
      </div>
          <div class="step">
        
<div class="brief passed">
  <span class="keyword indention">And</span>
  <span class="name">user select destination station as &quot;Kochi&quot;</span>
  
  <span class="lead-duration duration">734ms</span>

  </div>

        


        
        

        

        
  
      </div>
          <div class="step">
        
<div class="brief passed">
  <span class="keyword indention">And</span>
  <span class="name">user select depart date as &quot;12 November 2024&quot;</span>
  
  <span class="lead-duration duration">403ms</span>

  </div>

        


        
        

        

        
  
      </div>
          <div class="step">
        
<div class="brief passed">
  <span class="keyword indention">And</span>
  <span class="name">click on train search button</span>
  
  <span class="lead-duration duration">943ms</span>

  </div>

        


        
        

        

        
  
      </div>
          <div class="step">
        
<div class="brief failed">
  <span class="keyword indention">Then</span>
  <span class="name">verify train list is displayed</span>
  
  <span class="lead-duration duration">45s 017ms</span>

  </div>

        

  <div class="inner-level">
    <div class="message indention">
      <div data-toggle="collapse" class="collapsable-control" data-target="#msg-32">
          <a>Error message</a>
      </div>
      <div id="msg-32" class="collapse collapsable-details">
        <pre>org.openqa.selenium.NoSuchElementException: no such element: Unable to locate element: {&quot;method&quot;:&quot;xpath&quot;,&quot;selector&quot;:&quot;//a[@class='mdf_btn']&quot;}
  (Session info: chrome=128.0.6613.138)
For documentation on this error, please visit: https://www.selenium.dev/documentation/webdriver/troubleshooting/errors#no-such-element-exception
Build info: version: '4.13.0', revision: 'ba948ece5b*'
System info: os.name: 'Windows 10', os.arch: 'amd64', os.version: '10.0', java.version: '17.0.1'
Driver info: org.openqa.selenium.chrome.ChromeDriver
Command: [5863bf57ac996fb987d002cb5bdafe11, findElement {using=xpath, value=//a[@class='mdf_btn']}]
Capabilities {acceptInsecureCerts: false, browserName: chrome, browserVersion: 128.0.6613.138, chrome: {chromedriverVersion: 128.0.6613.137 (fe621c5aa2d..., userDataDir: C:\Users\280662\AppData\Loc...}, fedcm:accounts: true, goog:chromeOptions: {debuggerAddress: localhost:51510}, networkConnectionEnabled: false, pageLoadStrategy: normal, platformName: windows, proxy: Proxy(), se:cdp: ws://localhost:51510/devtoo..., se:cdpVersion: 128.0.6613.138, setWindowRect: true, strictFileInteractability: false, timeouts: {implicit: 0, pageLoad: 300000, script: 30000}, unhandledPromptBehavior: dismiss and notify, webauthn:extension:credBlob: true, webauthn:extension:largeBlob: true, webauthn:extension:minPinLength: true, webauthn:extension:prf: true, webauthn:virtualAuthenticators: true}
Session ID: 5863bf57ac996fb987d002cb5bdafe11
	at java.base/jdk.internal.reflect.NativeConstructorAccessorImpl.newInstance0(Native Method)
	at java.base/jdk.internal.reflect.NativeConstructorAccessorImpl.newInstance(NativeConstructorAccessorImpl.java:77)
	at java.base/jdk.internal.reflect.DelegatingConstructorAccessorImpl.newInstance(DelegatingConstructorAccessorImpl.java:45)
	at java.base/java.lang.reflect.Constructor.newInstanceWithCaller(Constructor.java:499)
	at java.base/java.lang.reflect.Constructor.newInstance(Constructor.java:480)
	at org.openqa.selenium.remote.codec.w3c.W3CHttpResponseCodec.createException(W3CHttpResponseCodec.java:200)
	at org.openqa.selenium.remote.codec.w3c.W3CHttpResponseCodec.decode(W3CHttpResponseCodec.java:133)
	at org.openqa.selenium.remote.codec.w3c.W3CHttpResponseCodec.decode(W3CHttpResponseCodec.java:52)
	at org.openqa.selenium.remote.HttpCommandExecutor.execute(HttpCommandExecutor.java:191)
	at org.openqa.selenium.remote.service.DriverCommandExecutor.invokeExecute(DriverCommandExecutor.java:196)
	at org.openqa.selenium.remote.service.DriverCommandExecutor.execute(DriverCommandExecutor.java:171)
	at org.openqa.selenium.remote.RemoteWebDriver.execute(RemoteWebDriver.java:602)
	at org.openqa.selenium.remote.ElementLocation$ElementFinder$2.findElement(ElementLocation.java:165)
	at org.openqa.selenium.remote.ElementLocation.findElement(ElementLocation.java:59)
	at org.openqa.selenium.remote.RemoteWebDriver.findElement(RemoteWebDriver.java:359)
	at org.openqa.selenium.remote.RemoteWebDriver.findElement(RemoteWebDriver.java:353)
	at org.openqa.selenium.support.pagefactory.DefaultElementLocator.findElement(DefaultElementLocator.java:68)
	at org.openqa.selenium.support.pagefactory.internal.LocatingElementHandler.invoke(LocatingElementHandler.java:38)
	at jdk.proxy2/jdk.proxy2.$Proxy23.isDisplayed(Unknown Source)
	at com.automation.pages.web.TrainListingPageWeb.isTrainListingDisplayed(TrainListingPageWeb.java:30)
	at com.automation.steps.TrainListingSteps.verify_train_list_is_displayed(TrainListingSteps.java:26)
	at &#10045;.verify train list is displayed(file:///C:/UST_Java/EaseMyTripAutomation/src/test/resources/features/trainFilter.feature:13)
</pre>
      </div>
    </div>
  </div>


        
        

        

        
  
      </div>
      </div>
</div>


    

  </div>
</div>

                      
<div class="element">
      <div class="indention">
      <b>Feature:</b>
      <a href="report-feature_file-src-test-resources-features-trainFilter-feature.html">Validate sort functionality for train</a>
    </div>
  
  
<div class="tags indention">
      <b>Tags:</b>
           <a href="report-tag_web.html">@web</a>
           <a href="report-tag_mobile.html">@mobile</a>
      </div>


    <span data-toggle="collapse" class=" collapsable-control" data-target="#element-33">
    
<div class="brief failed">
  <span class="keyword indention">Scenario</span>
  <span class="name">verify user can sort train by name descending</span>
  

       <i class="chevron fa fa-fw"></i>
  </div>

  </span>
  <div class="description indention"></div>

  <div id="element-33" class="collapse collapsable-details  in ">
    
  <div class="inner-level hooks-before">
        <div data-toggle="collapse" class=" collapsed  collapsable-control" data-target="#before-34">
      
<div class="brief passed">
  <span class="keyword indention">Hooks</span>
  <span class="name"></span>
  

       <i class="chevron fa fa-fw"></i>
  </div>

    </div>

    <div id="before-34" class="inner-level collapse collapsable-details ">
              <div class="hook">
          <div class="brief passed">
            <span class="keyword indention">Before</span>
                          <span class="location name">com.automation.steps.Hooks.setUp()</span>
                        
  <span class="lead-duration duration">2s 530ms</span>

          </div>

                      

          
          
  
        </div>
          </div>
  </div>


    
<div class="steps inner-level">
    <div data-toggle="collapse" class=" collapsable-control" data-target="#steps-35">
    
<div class="brief failed">
  <span class="keyword indention">Steps</span>
  <span class="name"></span>
  

       <i class="chevron fa fa-fw"></i>
  </div>

  </div>

  <div id="steps-35" class="inner-level collapse collapsable-details  in ">
          <div class="step">
        
<div class="brief skipped">
  <span class="keyword indention">When</span>
  <span class="name">user click on sort by name Z to A</span>
  
  <span class="lead-duration duration">000ms</span>

  </div>

        


        
        

        

        
  
      </div>
          <div class="step">
        
<div class="brief skipped">
  <span class="keyword indention">Then</span>
  <span class="name">verify sort by name Z to A</span>
  
  <span class="lead-duration duration">000ms</span>

  </div>

        


        
        

        

        
  
      </div>
      </div>
</div>


    
  <div class="inner-level hooks-after">
        <div data-toggle="collapse" class=" collapsed  collapsable-control" data-target="#after-36">
      
<div class="brief passed">
  <span class="keyword indention">Hooks</span>
  <span class="name"></span>
  

       <i class="chevron fa fa-fw"></i>
  </div>

    </div>

    <div id="after-36" class="inner-level collapse collapsable-details ">
              <div class="hook">
          <div class="brief passed">
            <span class="keyword indention">After</span>
                          <span class="location name">com.automation.steps.Hooks.cleanUp()</span>
                        
  <span class="lead-duration duration">297ms</span>

          </div>

                      

          
          
  
        </div>
          </div>
  </div>

  </div>
</div>

                      
<div class="element">
      <div class="indention">
      <b>Feature:</b>
      <a href="report-feature_file-src-test-resources-features-hotelFilter-feature.html">validate filter functionality for hotels</a>
    </div>
  
  
<div class="tags indention">
  </div>


    <span data-toggle="collapse" class=" collapsable-control" data-target="#element-37">
    
<div class="brief failed">
  <span class="keyword indention">Background</span>
  <span class="name"></span>
  

       <i class="chevron fa fa-fw"></i>
  </div>

  </span>
  <div class="description indention"></div>

  <div id="element-37" class="collapse collapsable-details  in ">
    


    
<div class="steps inner-level">
    <div data-toggle="collapse" class=" collapsable-control" data-target="#steps-38">
    
<div class="brief failed">
  <span class="keyword indention">Steps</span>
  <span class="name"></span>
  

       <i class="chevron fa fa-fw"></i>
  </div>

  </div>

  <div id="steps-38" class="inner-level collapse collapsable-details  in ">
          <div class="step">
        
<div class="brief passed">
  <span class="keyword indention">Given</span>
  <span class="name">user opens the website</span>
  
  <span class="lead-duration duration">3s 608ms</span>

  </div>

        


        
        

        

        
  
      </div>
          <div class="step">
        
<div class="brief passed">
  <span class="keyword indention">Then</span>
  <span class="name">verify user is on home page</span>
  
  <span class="lead-duration duration">032ms</span>

  </div>

        


        
        

        

        
  
      </div>
          <div class="step">
        
<div class="brief passed">
  <span class="keyword indention">When</span>
  <span class="name">user click on hotel menu</span>
  
  <span class="lead-duration duration">1s 968ms</span>

  </div>

        


        
        

        

        
  
      </div>
          <div class="step">
        
<div class="brief passed">
  <span class="keyword indention">Then</span>
  <span class="name">verify hotel home page is displayed</span>
  
  <span class="lead-duration duration">067ms</span>

  </div>

        


        
        

        

        
  
      </div>
          <div class="step">
        
<div class="brief passed">
  <span class="keyword indention">When</span>
  <span class="name">user select the destination as &quot;Trivandrum&quot;</span>
  
  <span class="lead-duration duration">1s 470ms</span>

  </div>

        


        
        

        

        
  
      </div>
          <div class="step">
        
<div class="brief passed">
  <span class="keyword indention">And</span>
  <span class="name">user enter the check in date as &quot;12 Dec 2024&quot;</span>
  
  <span class="lead-duration duration">294ms</span>

  </div>

        


        
        

        

        
  
      </div>
          <div class="step">
        
<div class="brief passed">
  <span class="keyword indention">And</span>
  <span class="name">user enter the check out date as &quot;13 Dec 2024&quot;</span>
  
  <span class="lead-duration duration">200ms</span>

  </div>

        


        
        

        

        
  
      </div>
          <div class="step">
        
<div class="brief failed">
  <span class="keyword indention">And</span>
  <span class="name">user click on room select</span>
  
  <span class="lead-duration duration">1s 066ms</span>

  </div>

        

  <div class="inner-level">
    <div class="message indention">
      <div data-toggle="collapse" class="collapsable-control" data-target="#msg-39">
          <a>Error message</a>
      </div>
      <div id="msg-39" class="collapse collapsable-details">
        <pre>org.openqa.selenium.ElementClickInterceptedException: element click intercepted: Element &lt;a id=&quot;exithotelroom&quot; class=&quot;addroom exitroom&quot; href=&quot;javascript:void(0)&quot;&gt;...&lt;/a&gt; is not clickable at point (1037, 405). Other element would receive the click: &lt;div id=&quot;login_pp&quot; style=&quot;display: block;&quot;&gt;...&lt;/div&gt;
  (Session info: chrome=128.0.6613.138)
Build info: version: '4.13.0', revision: 'ba948ece5b*'
System info: os.name: 'Windows 10', os.arch: 'amd64', os.version: '10.0', java.version: '17.0.1'
Driver info: org.openqa.selenium.chrome.ChromeDriver
Command: [d63145afb6a46d6f4949638be9a8510b, clickElement {id=f.AFA3D05BC1156C86ECA01497DB21DA43.d.C1E9BF923C6F4C4D0DEAD9C73C71358A.e.429}]
Capabilities {acceptInsecureCerts: false, browserName: chrome, browserVersion: 128.0.6613.138, chrome: {chromedriverVersion: 128.0.6613.137 (fe621c5aa2d..., userDataDir: C:\Users\280662\AppData\Loc...}, fedcm:accounts: true, goog:chromeOptions: {debuggerAddress: localhost:50671}, networkConnectionEnabled: false, pageLoadStrategy: normal, platformName: windows, proxy: Proxy(), se:cdp: ws://localhost:50671/devtoo..., se:cdpVersion: 128.0.6613.138, setWindowRect: true, strictFileInteractability: false, timeouts: {implicit: 0, pageLoad: 300000, script: 30000}, unhandledPromptBehavior: dismiss and notify, webauthn:extension:credBlob: true, webauthn:extension:largeBlob: true, webauthn:extension:minPinLength: true, webauthn:extension:prf: true, webauthn:virtualAuthenticators: true}
Element: [[ChromeDriver: chrome on windows (d63145afb6a46d6f4949638be9a8510b)] -&gt; id: exithotelroom]
Session ID: d63145afb6a46d6f4949638be9a8510b
	at java.base/jdk.internal.reflect.NativeConstructorAccessorImpl.newInstance0(Native Method)
	at java.base/jdk.internal.reflect.NativeConstructorAccessorImpl.newInstance(NativeConstructorAccessorImpl.java:77)
	at java.base/jdk.internal.reflect.DelegatingConstructorAccessorImpl.newInstance(DelegatingConstructorAccessorImpl.java:45)
	at java.base/java.lang.reflect.Constructor.newInstanceWithCaller(Constructor.java:499)
	at java.base/java.lang.reflect.Constructor.newInstance(Constructor.java:480)
	at org.openqa.selenium.remote.codec.w3c.W3CHttpResponseCodec.createException(W3CHttpResponseCodec.java:200)
	at org.openqa.selenium.remote.codec.w3c.W3CHttpResponseCodec.decode(W3CHttpResponseCodec.java:133)
	at org.openqa.selenium.remote.codec.w3c.W3CHttpResponseCodec.decode(W3CHttpResponseCodec.java:52)
	at org.openqa.selenium.remote.HttpCommandExecutor.execute(HttpCommandExecutor.java:191)
	at org.openqa.selenium.remote.service.DriverCommandExecutor.invokeExecute(DriverCommandExecutor.java:196)
	at org.openqa.selenium.remote.service.DriverCommandExecutor.execute(DriverCommandExecutor.java:171)
	at org.openqa.selenium.remote.RemoteWebDriver.execute(RemoteWebDriver.java:602)
	at org.openqa.selenium.remote.RemoteWebElement.execute(RemoteWebElement.java:224)
	at org.openqa.selenium.remote.RemoteWebElement.click(RemoteWebElement.java:77)
	at jdk.internal.reflect.GeneratedMethodAccessor6.invoke(Unknown Source)
	at java.base/jdk.internal.reflect.DelegatingMethodAccessorImpl.invoke(DelegatingMethodAccessorImpl.java:43)
	at java.base/java.lang.reflect.Method.invoke(Method.java:568)
	at org.openqa.selenium.support.pagefactory.internal.LocatingElementHandler.invoke(LocatingElementHandler.java:51)
	at jdk.proxy2/jdk.proxy2.$Proxy23.click(Unknown Source)
	at com.automation.pages.web.HotelHomePageWeb.clickOnRoomsDone(HotelHomePageWeb.java:86)
	at com.automation.steps.HotelHomeSteps.userClickOnRoomSelect(HotelHomeSteps.java:58)
	at &#10045;.user click on room select(file:///C:/UST_Java/EaseMyTripAutomation/src/test/resources/features/hotelFilter.feature:12)
</pre>
      </div>
    </div>
  </div>


        
        

        

        
  
      </div>
          <div class="step">
        
<div class="brief skipped">
  <span class="keyword indention">And</span>
  <span class="name">user click on hotel search</span>
  
  <span class="lead-duration duration">000ms</span>

  </div>

        


        
        

        

        
  
      </div>
          <div class="step">
        
<div class="brief skipped">
  <span class="keyword indention">Then</span>
  <span class="name">verify user is on hotel listing page</span>
  
  <span class="lead-duration duration">000ms</span>

  </div>

        


        
        

        

        
  
      </div>
      </div>
</div>


    

  </div>
</div>

                      
<div class="element">
      <div class="indention">
      <b>Feature:</b>
      <a href="report-feature_file-src-test-resources-features-hotelFilter-feature.html">validate filter functionality for hotels</a>
    </div>
  
  
<div class="tags indention">
      <b>Tags:</b>
           <a href="report-tag_web.html">@web</a>
           <a href="report-tag_mobile.html">@mobile</a>
      </div>


    <span data-toggle="collapse" class=" collapsable-control" data-target="#element-40">
    
<div class="brief failed">
  <span class="keyword indention">Scenario</span>
  <span class="name">filter by price high to low</span>
  

       <i class="chevron fa fa-fw"></i>
  </div>

  </span>
  <div class="description indention"></div>

  <div id="element-40" class="collapse collapsable-details  in ">
    
  <div class="inner-level hooks-before">
        <div data-toggle="collapse" class=" collapsed  collapsable-control" data-target="#before-41">
      
<div class="brief passed">
  <span class="keyword indention">Hooks</span>
  <span class="name"></span>
  

       <i class="chevron fa fa-fw"></i>
  </div>

    </div>

    <div id="before-41" class="inner-level collapse collapsable-details ">
              <div class="hook">
          <div class="brief passed">
            <span class="keyword indention">Before</span>
                          <span class="location name">com.automation.steps.Hooks.setUp()</span>
                        
  <span class="lead-duration duration">2s 377ms</span>

          </div>

                      

          
          
  
        </div>
          </div>
  </div>


    
<div class="steps inner-level">
    <div data-toggle="collapse" class=" collapsable-control" data-target="#steps-42">
    
<div class="brief failed">
  <span class="keyword indention">Steps</span>
  <span class="name"></span>
  

       <i class="chevron fa fa-fw"></i>
  </div>

  </div>

  <div id="steps-42" class="inner-level collapse collapsable-details  in ">
          <div class="step">
        
<div class="brief skipped">
  <span class="keyword indention">When</span>
  <span class="name">user click on filter</span>
  
  <span class="lead-duration duration">000ms</span>

  </div>

        


        
        

        

        
  
      </div>
          <div class="step">
        
<div class="brief skipped">
  <span class="keyword indention">And</span>
  <span class="name">user select filter by price high to low</span>
  
  <span class="lead-duration duration">000ms</span>

  </div>

        


        
        

        

        
  
      </div>
          <div class="step">
        
<div class="brief skipped">
  <span class="keyword indention">Then</span>
  <span class="name">verify price listing is from high to low</span>
  
  <span class="lead-duration duration">000ms</span>

  </div>

        


        
        

        

        
  
      </div>
      </div>
</div>


    
  <div class="inner-level hooks-after">
        <div data-toggle="collapse" class=" collapsed  collapsable-control" data-target="#after-43">
      
<div class="brief passed">
  <span class="keyword indention">Hooks</span>
  <span class="name"></span>
  

       <i class="chevron fa fa-fw"></i>
  </div>

    </div>

    <div id="after-43" class="inner-level collapse collapsable-details ">
              <div class="hook">
          <div class="brief passed">
            <span class="keyword indention">After</span>
                          <span class="location name">com.automation.steps.Hooks.cleanUp()</span>
                        
  <span class="lead-duration duration">355ms</span>

          </div>

                      

          
          
  
        </div>
          </div>
  </div>

  </div>
</div>

                      
<div class="element">
      <div class="indention">
      <b>Feature:</b>
      <a href="report-feature_file-src-test-resources-features-holidayQuery-feature.html">validate plan your trip functionality</a>
    </div>
  
  
<div class="tags indention">
      <b>Tags:</b>
           <a href="report-tag_web.html">@web</a>
           <a href="report-tag_mobile.html">@mobile</a>
      </div>


    <span data-toggle="collapse" class=" collapsable-control" data-target="#element-44">
    
<div class="brief failed">
  <span class="keyword indention">Scenario</span>
  <span class="name">verify user can submit query for plan your trip</span>
  

       <i class="chevron fa fa-fw"></i>
  </div>

  </span>
  <div class="description indention"></div>

  <div id="element-44" class="collapse collapsable-details  in ">
    
  <div class="inner-level hooks-before">
        <div data-toggle="collapse" class=" collapsed  collapsable-control" data-target="#before-45">
      
<div class="brief passed">
  <span class="keyword indention">Hooks</span>
  <span class="name"></span>
  

       <i class="chevron fa fa-fw"></i>
  </div>

    </div>

    <div id="before-45" class="inner-level collapse collapsable-details ">
              <div class="hook">
          <div class="brief passed">
            <span class="keyword indention">Before</span>
                          <span class="location name">com.automation.steps.Hooks.setUp()</span>
                        
  <span class="lead-duration duration">2s 222ms</span>

          </div>

                      

          
          
  
        </div>
          </div>
  </div>


    
<div class="steps inner-level">
    <div data-toggle="collapse" class=" collapsable-control" data-target="#steps-46">
    
<div class="brief failed">
  <span class="keyword indention">Steps</span>
  <span class="name"></span>
  

       <i class="chevron fa fa-fw"></i>
  </div>

  </div>

  <div id="steps-46" class="inner-level collapse collapsable-details  in ">
          <div class="step">
        
<div class="brief passed">
  <span class="keyword indention">When</span>
  <span class="name">user click on plan your trip icon</span>
  
  <span class="lead-duration duration">077ms</span>

  </div>

        


        
        

        

        
  
      </div>
          <div class="step">
        
<div class="brief passed">
  <span class="keyword indention">Then</span>
  <span class="name">verify plan form is displayed</span>
  
  <span class="lead-duration duration">036ms</span>

  </div>

        


        
        

        

        
  
      </div>
          <div class="step">
        
<div class="brief failed">
  <span class="keyword indention">When</span>
  <span class="name">user enter the trip details</span>
  
  <span class="lead-duration duration">1s 218ms</span>

  </div>

        

  <div class="inner-level">
    <div class="message indention">
      <div data-toggle="collapse" class="collapsable-control" data-target="#msg-47">
          <a>Error message</a>
      </div>
      <div id="msg-47" class="collapse collapsable-details">
        <pre>org.openqa.selenium.StaleElementReferenceException: stale element reference: stale element not found in the current frame
  (Session info: chrome=128.0.6613.138)
For documentation on this error, please visit: https://www.selenium.dev/documentation/webdriver/troubleshooting/errors#stale-element-reference-exception
Build info: version: '4.13.0', revision: 'ba948ece5b*'
System info: os.name: 'Windows 10', os.arch: 'amd64', os.version: '10.0', java.version: '17.0.1'
Driver info: org.openqa.selenium.chrome.ChromeDriver
Command: [8c1270e12408991b1cb3eb7690aa57a3, executeScript {script=arguments[0].click();, args=[{element-6066-11e4-a52e-4f735466cecf=f.EFEC731595FE5AE2BFD2A02136134F5B.d.B2F7DE7C11A46DBE2121B3191D0F7954.e.579}]}]
Capabilities {acceptInsecureCerts: false, browserName: chrome, browserVersion: 128.0.6613.138, chrome: {chromedriverVersion: 128.0.6613.137 (fe621c5aa2d..., userDataDir: C:\Users\280662\AppData\Loc...}, fedcm:accounts: true, goog:chromeOptions: {debuggerAddress: localhost:65501}, networkConnectionEnabled: false, pageLoadStrategy: normal, platformName: windows, proxy: Proxy(), se:cdp: ws://localhost:65501/devtoo..., se:cdpVersion: 128.0.6613.138, setWindowRect: true, strictFileInteractability: false, timeouts: {implicit: 0, pageLoad: 300000, script: 30000}, unhandledPromptBehavior: dismiss and notify, webauthn:extension:credBlob: true, webauthn:extension:largeBlob: true, webauthn:extension:minPinLength: true, webauthn:extension:prf: true, webauthn:virtualAuthenticators: true}
Session ID: 8c1270e12408991b1cb3eb7690aa57a3
	at java.base/jdk.internal.reflect.NativeConstructorAccessorImpl.newInstance0(Native Method)
	at java.base/jdk.internal.reflect.NativeConstructorAccessorImpl.newInstance(NativeConstructorAccessorImpl.java:77)
	at java.base/jdk.internal.reflect.DelegatingConstructorAccessorImpl.newInstance(DelegatingConstructorAccessorImpl.java:45)
	at java.base/java.lang.reflect.Constructor.newInstanceWithCaller(Constructor.java:499)
	at java.base/java.lang.reflect.Constructor.newInstance(Constructor.java:480)
	at org.openqa.selenium.remote.codec.w3c.W3CHttpResponseCodec.createException(W3CHttpResponseCodec.java:200)
	at org.openqa.selenium.remote.codec.w3c.W3CHttpResponseCodec.decode(W3CHttpResponseCodec.java:133)
	at org.openqa.selenium.remote.codec.w3c.W3CHttpResponseCodec.decode(W3CHttpResponseCodec.java:52)
	at org.openqa.selenium.remote.HttpCommandExecutor.execute(HttpCommandExecutor.java:191)
	at org.openqa.selenium.remote.service.DriverCommandExecutor.invokeExecute(DriverCommandExecutor.java:196)
	at org.openqa.selenium.remote.service.DriverCommandExecutor.execute(DriverCommandExecutor.java:171)
	at org.openqa.selenium.remote.RemoteWebDriver.execute(RemoteWebDriver.java:602)
	at org.openqa.selenium.remote.RemoteWebDriver.executeScript(RemoteWebDriver.java:467)
	at com.automation.pages.web.BasePageWeb.clickByJS(BasePageWeb.java:28)
	at com.automation.pages.web.HolidayQueryPageWeb.enterTripDetails(HolidayQueryPageWeb.java:63)
	at com.automation.steps.HolidayQuerySteps.user_enter_the_trip_details(HolidayQuerySteps.java:34)
	at &#10045;.user enter the trip details(file:///C:/UST_Java/EaseMyTripAutomation/src/test/resources/features/holidayQuery.feature:13)
</pre>
      </div>
    </div>
  </div>


        
        

        

        
  
      </div>
          <div class="step">
        
<div class="brief skipped">
  <span class="keyword indention">And</span>
  <span class="name">user click on submit button</span>
  
  <span class="lead-duration duration">000ms</span>

  </div>

        


        
        

        

        
  
      </div>
          <div class="step">
        
<div class="brief skipped">
  <span class="keyword indention">Then</span>
  <span class="name">verify query success message is displayed</span>
  
  <span class="lead-duration duration">000ms</span>

  </div>

        


        
        

        

        
  
      </div>
      </div>
</div>


    
  <div class="inner-level hooks-after">
        <div data-toggle="collapse" class=" collapsed  collapsable-control" data-target="#after-48">
      
<div class="brief passed">
  <span class="keyword indention">Hooks</span>
  <span class="name"></span>
  

       <i class="chevron fa fa-fw"></i>
  </div>

    </div>

    <div id="after-48" class="inner-level collapse collapsable-details ">
              <div class="hook">
          <div class="brief passed">
            <span class="keyword indention">After</span>
                          <span class="location name">com.automation.steps.Hooks.cleanUp()</span>
                        
  <span class="lead-duration duration">480ms</span>

          </div>

                      

          
          
  
        </div>
          </div>
  </div>

  </div>
</div>

                      
<div class="element">
      <div class="indention">
      <b>Feature:</b>
      <a href="report-feature_file-src-test-resources-features-hotelPriceSummary-feature.html">validate the booking price summary</a>
    </div>
  
  
<div class="tags indention">
      <b>Tags:</b>
           <a href="report-tag_web.html">@web</a>
           <a href="report-tag_mobile.html">@mobile</a>
      </div>


    <span data-toggle="collapse" class=" collapsable-control" data-target="#element-49">
    
<div class="brief failed">
  <span class="keyword indention">Scenario</span>
  <span class="name">verify the price summary for hotel booking</span>
  

       <i class="chevron fa fa-fw"></i>
  </div>

  </span>
  <div class="description indention"></div>

  <div id="element-49" class="collapse collapsable-details  in ">
    
  <div class="inner-level hooks-before">
        <div data-toggle="collapse" class=" collapsed  collapsable-control" data-target="#before-50">
      
<div class="brief passed">
  <span class="keyword indention">Hooks</span>
  <span class="name"></span>
  

       <i class="chevron fa fa-fw"></i>
  </div>

    </div>

    <div id="before-50" class="inner-level collapse collapsable-details ">
              <div class="hook">
          <div class="brief passed">
            <span class="keyword indention">Before</span>
                          <span class="location name">com.automation.steps.Hooks.setUp()</span>
                        
  <span class="lead-duration duration">2s 038ms</span>

          </div>

                      

          
          
  
        </div>
          </div>
  </div>


    
<div class="steps inner-level">
    <div data-toggle="collapse" class=" collapsable-control" data-target="#steps-51">
    
<div class="brief failed">
  <span class="keyword indention">Steps</span>
  <span class="name"></span>
  

       <i class="chevron fa fa-fw"></i>
  </div>

  </div>

  <div id="steps-51" class="inner-level collapse collapsable-details  in ">
          <div class="step">
        
<div class="brief passed">
  <span class="keyword indention">When</span>
  <span class="name">user select a hotel</span>
  
  <span class="lead-duration duration">163ms</span>

  </div>

        


        
        

        

        
  
      </div>
          <div class="step">
        
<div class="brief failed">
  <span class="keyword indention">Then</span>
  <span class="name">verify hotel booking page is displayed</span>
  
  <span class="lead-duration duration">3s 029ms</span>

  </div>

        

  <div class="inner-level">
    <div class="message indention">
      <div data-toggle="collapse" class="collapsable-control" data-target="#msg-52">
          <a>Error message</a>
      </div>
      <div id="msg-52" class="collapse collapsable-details">
        <pre>org.openqa.selenium.StaleElementReferenceException: stale element reference: stale element not found in the current frame
  (Session info: chrome=128.0.6613.138)
For documentation on this error, please visit: https://www.selenium.dev/documentation/webdriver/troubleshooting/errors#stale-element-reference-exception
Build info: version: '4.13.0', revision: 'ba948ece5b*'
System info: os.name: 'Windows 10', os.arch: 'amd64', os.version: '10.0', java.version: '17.0.1'
Driver info: org.openqa.selenium.chrome.ChromeDriver
Command: [c4244dc42d5368e71742fcbd50b52b43, isElementDisplayed {id=f.98290A3FB556B140969958E9D4D24CED.d.AF94E8D4533619C3EA84A1CF1C56ECE2.e.3}]
Capabilities {acceptInsecureCerts: false, browserName: chrome, browserVersion: 128.0.6613.138, chrome: {chromedriverVersion: 128.0.6613.137 (fe621c5aa2d..., userDataDir: C:\Users\280662\AppData\Loc...}, fedcm:accounts: true, goog:chromeOptions: {debuggerAddress: localhost:50822}, networkConnectionEnabled: false, pageLoadStrategy: normal, platformName: windows, proxy: Proxy(), se:cdp: ws://localhost:50822/devtoo..., se:cdpVersion: 128.0.6613.138, setWindowRect: true, strictFileInteractability: false, timeouts: {implicit: 0, pageLoad: 300000, script: 30000}, unhandledPromptBehavior: dismiss and notify, webauthn:extension:credBlob: true, webauthn:extension:largeBlob: true, webauthn:extension:minPinLength: true, webauthn:extension:prf: true, webauthn:virtualAuthenticators: true}
Element: [[ChromeDriver: chrome on windows (c4244dc42d5368e71742fcbd50b52b43)] -&gt; xpath: //a[@id='room']/following-sibling::a]
Session ID: c4244dc42d5368e71742fcbd50b52b43
	at java.base/jdk.internal.reflect.NativeConstructorAccessorImpl.newInstance0(Native Method)
	at java.base/jdk.internal.reflect.NativeConstructorAccessorImpl.newInstance(NativeConstructorAccessorImpl.java:77)
	at java.base/jdk.internal.reflect.DelegatingConstructorAccessorImpl.newInstance(DelegatingConstructorAccessorImpl.java:45)
	at java.base/java.lang.reflect.Constructor.newInstanceWithCaller(Constructor.java:499)
	at java.base/java.lang.reflect.Constructor.newInstance(Constructor.java:480)
	at org.openqa.selenium.remote.codec.w3c.W3CHttpResponseCodec.createException(W3CHttpResponseCodec.java:200)
	at org.openqa.selenium.remote.codec.w3c.W3CHttpResponseCodec.decode(W3CHttpResponseCodec.java:133)
	at org.openqa.selenium.remote.codec.w3c.W3CHttpResponseCodec.decode(W3CHttpResponseCodec.java:52)
	at org.openqa.selenium.remote.HttpCommandExecutor.execute(HttpCommandExecutor.java:191)
	at org.openqa.selenium.remote.service.DriverCommandExecutor.invokeExecute(DriverCommandExecutor.java:196)
	at org.openqa.selenium.remote.service.DriverCommandExecutor.execute(DriverCommandExecutor.java:171)
	at org.openqa.selenium.remote.RemoteWebDriver.execute(RemoteWebDriver.java:602)
	at org.openqa.selenium.remote.RemoteWebElement.execute(RemoteWebElement.java:224)
	at org.openqa.selenium.remote.RemoteWebElement.isDisplayed(RemoteWebElement.java:283)
	at jdk.internal.reflect.GeneratedMethodAccessor5.invoke(Unknown Source)
	at java.base/jdk.internal.reflect.DelegatingMethodAccessorImpl.invoke(DelegatingMethodAccessorImpl.java:43)
	at java.base/java.lang.reflect.Method.invoke(Method.java:568)
	at org.openqa.selenium.support.pagefactory.internal.LocatingElementHandler.invoke(LocatingElementHandler.java:51)
	at jdk.proxy2/jdk.proxy2.$Proxy23.isDisplayed(Unknown Source)
	at org.openqa.selenium.support.ui.ExpectedConditions.elementIfVisible(ExpectedConditions.java:304)
	at org.openqa.selenium.support.ui.ExpectedConditions.access$000(ExpectedConditions.java:37)
	at org.openqa.selenium.support.ui.ExpectedConditions$10.apply(ExpectedConditions.java:290)
	at org.openqa.selenium.support.ui.ExpectedConditions$10.apply(ExpectedConditions.java:287)
	at org.openqa.selenium.support.ui.FluentWait.until(FluentWait.java:205)
	at com.automation.pages.web.HotelBookingPageWeb.isHotelBookingPageDisplayed(HotelBookingPageWeb.java:26)
	at com.automation.steps.HotelBookingSteps.verifyHotelBookingPageIsDisplayed(HotelBookingSteps.java:31)
	at &#10045;.verify hotel booking page is displayed(file:///C:/UST_Java/EaseMyTripAutomation/src/test/resources/features/hotelPriceSummary.feature:18)
</pre>
      </div>
    </div>
  </div>


        
        

        

        
  
      </div>
          <div class="step">
        
<div class="brief skipped">
  <span class="keyword indention">When</span>
  <span class="name">click on book now</span>
  
  <span class="lead-duration duration">000ms</span>

  </div>

        


        
        

        

        
  
      </div>
          <div class="step">
        
<div class="brief skipped">
  <span class="keyword indention">Then</span>
  <span class="name">verify hotel payment page is displayed</span>
  
  <span class="lead-duration duration">000ms</span>

  </div>

        


        
        

        

        
  
      </div>
          <div class="step">
        
<div class="brief skipped">
  <span class="keyword indention">And</span>
  <span class="name">verify the price summary calculations</span>
  
  <span class="lead-duration duration">000ms</span>

  </div>

        


        
        

        

        
  
      </div>
      </div>
</div>


    
  <div class="inner-level hooks-after">
        <div data-toggle="collapse" class=" collapsed  collapsable-control" data-target="#after-53">
      
<div class="brief passed">
  <span class="keyword indention">Hooks</span>
  <span class="name"></span>
  

       <i class="chevron fa fa-fw"></i>
  </div>

    </div>

    <div id="after-53" class="inner-level collapse collapsable-details ">
              <div class="hook">
          <div class="brief passed">
            <span class="keyword indention">After</span>
                          <span class="location name">com.automation.steps.Hooks.cleanUp()</span>
                        
  <span class="lead-duration duration">679ms</span>

          </div>

                      

          
          
  
        </div>
          </div>
  </div>

  </div>
</div>

                  </div>
      
    </div>
  </div>
</div>


<div class="container-fluid">
  <div class="row">
    <div class="col-md-10 col-md-offset-10">
      <i class="fa fa-chevron-circle-down fa-2x collapsable-control"
        onClick="javascript:$('#report .collapsable-details').collapse('show')"></i>
      <i class="fa fa-chevron-circle-up fa-2x collapsable-control"
        onClick="javascript:$('#report .collapsable-details').collapse('hide')"></i>
    </div>
  </div>
</div>

<br>

<nav class="navbar navbar-default" id="footer">
  <div class="container-fluid">
    <p class="navbar-text navbar-right">
        <small>generate Cucumber HTML reports via:&nbsp;</small>
        <a class="navbar-link" href="https://github.com/jenkinsci/cucumber-reports-plugin">Jenkins Plugin</a> |
        <a class="navbar-link" href="https://github.com/damianszczepanik/cucumber-reporting">Standalone</a> |
        <a class="navbar-link" href="https://github.com/damianszczepanik/cucumber-sandwich">Sandwich</a> |
        <a class="navbar-link" href="https://github.com/damianszczepanik/maven-cucumber-reporting">Maven</a>
        &nbsp;&nbsp;
    </p>
  </div>
</nav>

</body>
</html>
