<!DOCTYPE html>
<html>
<head>
  
<meta http-equiv="Content-Type" content="text/html; charset=UTF-8" />

<script type="text/javascript" src="js/jquery.min.js"></script>
<script type="text/javascript" src="js/jquery.tablesorter.min.js"></script>
<script type="text/javascript" src="js/Chart.min.js"></script>
<script type="text/javascript" src="js/moment.min.js"></script>
<script type="text/javascript" src="js/bootstrap.min.js"></script>

<link rel="stylesheet" href="css/bootstrap.min.css" type="text/css"/>
<link rel="stylesheet" href="css/cucumber.css" type="text/css"/>
<link rel="stylesheet" href="css/font-awesome.min.css"/>
<link rel="shortcut icon" href="images/favicon.png"/>

<script type="text/javascript">
$(document).ready(function() {
    // this will tell tablesorter to try looking for the data-value attribute
    // if present, it'll sort by that instead
    // otherwise, it'll sort by the text content of the table cell
    $("#tablesorter").tablesorter({
        textAttribute: 'data-value',
        // ignores the first row of the header, the 'scenario', 'steps', since
        // sorting those doesn't make sense
        selectorHeaders: '> thead tr:not(.dont-sort) th',
        // use a stable sort
        sortStable: true
    });
});
</script>










  
<title>Cucumber Reports (no 1) - Feature: Validate bus functionalities</title>

</head>
<body>

<nav class="navbar navbar-default navbar-fixed-top" id="navigation">
  <div class="container-fluid">
    <div class="collapse navbar-collapse">
      <p class="navbar-text navbar-left">Cucumber Report</p>
      <ul class="nav navbar-nav navbar-right">
                <li role="presentation" ><a href="overview-features.html">Features</a></li>
        <li role="presentation" ><a href="overview-tags.html">Tags</a></li>
        <li role="presentation" ><a href="overview-steps.html">Steps</a></li>
                <li role="presentation" ><a href="overview-failures.html">Failures</a></li>
      </ul>
    </div>
  </div>
</nav>


<div class="container-fluid">
  <div class="col-md-5 col-md-offset-1">
    
<table class="table table-bordered" id="build-info">
  <thead>
    <tr>
      <th>Project</th>
              <th>Number</th>
            <th>Date</th>
    </tr>
  </thead>
  <tbody>
    <tr class="info">
      <td>CucumberAutomation</td>
              <td>1</td>
            <td>06 Sep 2024, 17:17</td>
    </tr>
  </tbody>
</table>

  </div>
  <div class="col-md-3 col-md-offset-2">
      </div>
</div>


<div id="report-lead" class="container-fluid">
  <div class="col-md-10 col-md-offset-1">
    <h2>Feature Report</h2>
      </div>
</div>


<div class="container-fluid" id="report">
  <div class="row">
    <div class="col-md-10 col-md-offset-1">
      <table class="stats-table">

        
<thead>
  <tr class="header dont-sort">
        <th></th>
    <th colspan="6">Steps</th>
    <th colspan="3">Scenarios</th>
    <th colspan="2">Features</th>
  </tr>
  <tr>
    <th>Feature</th>
        <th class="passed">Passed</th>
    <th class="failed">Failed</th>
    <th class="skipped">Skipped</th>
    <th class="pending">Pending</th>
    <th class="undefined">Undefined</th>
    <th class="total">Total</th>

    <th class="passed">Passed</th>
    <th class="failed">Failed</th>
    <th class="total">Total</th>

    <th>Duration</th>
    <th>Status</th>
  </tr>
</thead>


        <tbody>
        <tr>
          <td class="tagname">Validate bus functionalities</td>
                    <td >0</td>
          <td >0</td>
          <td     class="skipped"   >31</td>
          <td >0</td>
          <td >0</td>
          <td class="total">31</td>

          <td >0</td>
          <td  class="failed"    >2</td>
          <td class="total">2</td>

          <td class="duration" data-value="1059800">001ms</td>
          <td class="failed">Failed</td>
        </tr>
        </tbody>

      </table>
    </div>
  </div>
</div>



<div class="container-fluid">
  <div class="row">
    <div class="col-md-10 col-md-offset-10">
      <i class="fa fa-chevron-circle-down fa-2x collapsable-control"
        onClick="javascript:$('#report .collapsable-details').collapse('show')"></i>
      <i class="fa fa-chevron-circle-up fa-2x collapsable-control"
        onClick="javascript:$('#report .collapsable-details').collapse('hide')"></i>
    </div>
  </div>
</div>


<div class="container-fluid" id="report">
  <div class="row">
    <div class="col-md-10 col-md-offset-1">
      <div class="feature">
        
<div class="tags indention">
  </div>

        
<div class="brief failed">
  <span class="keyword indention">Feature</span>
  <span class="name">Validate bus functionalities</span>
  

  </div>

        <div class="description indention"></div>

        <div class="elements inner-level">
                      
<div class="element">
  
  
<div class="tags indention">
  </div>


    <span data-toggle="collapse" class=" collapsable-control" data-target="#element-1">
    
<div class="brief failed">
  <span class="keyword indention">Background</span>
  <span class="name"></span>
  

       <i class="chevron fa fa-fw"></i>
  </div>

  </span>
  <div class="description indention"></div>

  <div id="element-1" class="collapse collapsable-details  in ">
    


    
<div class="steps inner-level">
    <div data-toggle="collapse" class=" collapsable-control" data-target="#steps-2">
    
<div class="brief failed">
  <span class="keyword indention">Steps</span>
  <span class="name"></span>
  

       <i class="chevron fa fa-fw"></i>
  </div>

  </div>

  <div id="steps-2" class="inner-level collapse collapsable-details  in ">
          <div class="step">
        
<div class="brief skipped">
  <span class="keyword indention">Given</span>
  <span class="name">user opens the website</span>
  
  <span class="lead-duration duration">000ms</span>

  </div>

        


        
        

        

        
  
      </div>
          <div class="step">
        
<div class="brief skipped">
  <span class="keyword indention">Then</span>
  <span class="name">verify user is on home page</span>
  
  <span class="lead-duration duration">000ms</span>

  </div>

        


        
        

        

        
  
      </div>
          <div class="step">
        
<div class="brief skipped">
  <span class="keyword indention">When</span>
  <span class="name">the user clicks on Bus from the navigation bar</span>
  
  <span class="lead-duration duration">000ms</span>

  </div>

        


        
        

        

        
  
      </div>
          <div class="step">
        
<div class="brief skipped">
  <span class="keyword indention">Then</span>
  <span class="name">verify the user is on the bus home page</span>
  
  <span class="lead-duration duration">000ms</span>

  </div>

        


        
        

        

        
  
      </div>
          <div class="step">
        
<div class="brief skipped">
  <span class="keyword indention">When</span>
  <span class="name">user enter the source city &quot;bus.source.city&quot;</span>
  
  <span class="lead-duration duration">000ms</span>

  </div>

        


        
        

        

        
  
      </div>
          <div class="step">
        
<div class="brief skipped">
  <span class="keyword indention">And</span>
  <span class="name">user enter the destination city &quot;bus.destination.city&quot;</span>
  
  <span class="lead-duration duration">000ms</span>

  </div>

        


        
        

        

        
  
      </div>
          <div class="step">
        
<div class="brief skipped">
  <span class="keyword indention">And</span>
  <span class="name">user select departure date as &quot;bus.booking.checkout.date&quot;</span>
  
  <span class="lead-duration duration">000ms</span>

  </div>

        


        
        

        

        
  
      </div>
          <div class="step">
        
<div class="brief skipped">
  <span class="keyword indention">And</span>
  <span class="name">user click on search button on the bus page</span>
  
  <span class="lead-duration duration">000ms</span>

  </div>

        


        
        

        

        
  
      </div>
      </div>
</div>


    

  </div>
</div>

                      
<div class="element">
  
  
<div class="tags indention">
      <b>Tags:</b>
           <a href="report-tag_web.html">@web</a>
           <a href="report-tag_mobile.html">@mobile</a>
      </div>


    <span data-toggle="collapse" class=" collapsable-control" data-target="#element-3">
    
<div class="brief failed">
  <span class="keyword indention">Scenario</span>
  <span class="name">Verify bus booking</span>
  

       <i class="chevron fa fa-fw"></i>
  </div>

  </span>
  <div class="description indention"></div>

  <div id="element-3" class="collapse collapsable-details  in ">
    
  <div class="inner-level hooks-before">
        <div data-toggle="collapse" class=" collapsable-control" data-target="#before-4">
      
<div class="brief failed">
  <span class="keyword indention">Hooks</span>
  <span class="name"></span>
  

       <i class="chevron fa fa-fw"></i>
  </div>

    </div>

    <div id="before-4" class="inner-level collapse collapsable-details  in ">
              <div class="hook">
          <div class="brief failed">
            <span class="keyword indention">Before</span>
                          <span class="location name">com.automation.steps.Hooks.setUp()</span>
                        
  <span class="lead-duration duration">24s 735ms</span>

          </div>

                      

  <div class="inner-level">
    <div class="message indention">
      <div data-toggle="collapse" class="collapsable-control" data-target="#msg-5">
          <a>Error message</a>
      </div>
      <div id="msg-5" class="collapse collapsable-details">
        <pre>org.openqa.selenium.SessionNotCreatedException: Could not start a new session. Possible causes are invalid address of the remote server or browser start-up failure. 
Host info: host: 'G736LTRV', ip: '172.16.253.110'
Build info: version: '4.13.0', revision: 'ba948ece5b*'
System info: os.name: 'Windows 10', os.arch: 'amd64', os.version: '10.0', java.version: '17.0.1'
Driver info: io.appium.java_client.AppiumDriver
Command: [null, newSession {capabilities=[{appium:app=C:\Users\280662\Downloads\easemytrip.apk, appium:appActivity=com.easemytrip.android.SplashScreenActivity, appium:appPackage=com.easemytrip.android, appium:autoGrantPermissions=true, appium:automationName=UiAutomator2, appium:deviceName=emulator-5554, platformName=ANDROID}], desiredCapabilities=Capabilities {app: C:\Users\280662\Downloads\e..., appActivity: com.easemytrip.android.Spla..., appPackage: com.easemytrip.android, autoGrantPermissions: true, automationName: UiAutomator2, deviceName: emulator-5554, platformName: ANDROID}}]
Capabilities {app: C:\Users\280662\Downloads\e..., appActivity: com.easemytrip.android.Spla..., appPackage: com.easemytrip.android, autoGrantPermissions: true, automationName: UiAutomator2, deviceName: emulator-5554, platformName: ANDROID}
	at org.openqa.selenium.remote.RemoteWebDriver.execute(RemoteWebDriver.java:620)
	at io.appium.java_client.AppiumDriver.startSession(AppiumDriver.java:274)
	at org.openqa.selenium.remote.RemoteWebDriver.&lt;init&gt;(RemoteWebDriver.java:163)
	at io.appium.java_client.AppiumDriver.&lt;init&gt;(AppiumDriver.java:89)
	at io.appium.java_client.AppiumDriver.&lt;init&gt;(AppiumDriver.java:112)
	at io.appium.java_client.AppiumDriver.&lt;init&gt;(AppiumDriver.java:137)
	at com.automation.utils.DriverManager.createDriver(DriverManager.java:27)
	at com.automation.steps.Hooks.setUp(Hooks.java:13)
Caused by: io.appium.java_client.service.local.AppiumServerHasNotBeenStartedLocallyException: [The local appium server has not been started, Reason: Timed out waiting for [http://127.0.0.1:4723/status] to be available after 20002 ms, Consider increasing the server startup timeout value (currently 20000ms), Node.js executable path: C:\node-v20.16.0-win-x64\node.exe, Arguments: [C:\node-v20.16.0-win-x64\node_modules\appium\build\lib\main.js, --port, 4723, --address, 0.0.0.0], Output: [38;5;112m[Appium][0m Welcome to Appium v2.11.3
[38;5;112m[Appium][0m The autodetected Appium home path: C:\Users\280662\.appium
[38;5;112m[Appium][0m Attempting to load driver uiautomator2...
[38;5;112m[Appium][0m Requiring driver at C:\Users\280662\.appium\node_modules\appium-uiautomator2-driver\build\index.js
]
	at io.appium.java_client.service.local.AppiumDriverLocalService.start(AppiumDriverLocalService.java:203)
	at io.appium.java_client.remote.AppiumCommandExecutor.lambda$execute$2(AppiumCommandExecutor.java:242)
	at java.base/java.util.Optional.ifPresent(Optional.java:178)
	at io.appium.java_client.remote.AppiumCommandExecutor.execute(AppiumCommandExecutor.java:240)
	at org.openqa.selenium.remote.RemoteWebDriver.execute(RemoteWebDriver.java:602)
	at io.appium.java_client.AppiumDriver.startSession(AppiumDriver.java:274)
	at org.openqa.selenium.remote.RemoteWebDriver.&lt;init&gt;(RemoteWebDriver.java:163)
	at io.appium.java_client.AppiumDriver.&lt;init&gt;(AppiumDriver.java:89)
	at io.appium.java_client.AppiumDriver.&lt;init&gt;(AppiumDriver.java:112)
	at io.appium.java_client.AppiumDriver.&lt;init&gt;(AppiumDriver.java:137)
	at com.automation.utils.DriverManager.createDriver(DriverManager.java:27)
	at com.automation.steps.Hooks.setUp(Hooks.java:13)
	at java.base/jdk.internal.reflect.NativeMethodAccessorImpl.invoke0(Native Method)
	at java.base/jdk.internal.reflect.NativeMethodAccessorImpl.invoke(NativeMethodAccessorImpl.java:77)
	at java.base/jdk.internal.reflect.DelegatingMethodAccessorImpl.invoke(DelegatingMethodAccessorImpl.java:43)
	at java.base/java.lang.reflect.Method.invoke(Method.java:568)
	at io.cucumber.java.Invoker.doInvoke(Invoker.java:66)
	at io.cucumber.java.Invoker.invoke(Invoker.java:24)
	at io.cucumber.java.AbstractGlueDefinition.invokeMethod(AbstractGlueDefinition.java:47)
	at io.cucumber.java.JavaHookDefinition.execute(JavaHookDefinition.java:64)
	at io.cucumber.core.runner.CoreHookDefinition.execute(CoreHookDefinition.java:46)
	at io.cucumber.core.runner.HookDefinitionMatch.runStep(HookDefinitionMatch.java:21)
	at io.cucumber.core.runner.ExecutionMode$1.execute(ExecutionMode.java:10)
	at io.cucumber.core.runner.TestStep.executeStep(TestStep.java:81)
	at io.cucumber.core.runner.TestStep.run(TestStep.java:53)
	at io.cucumber.core.runner.TestCase.run(TestCase.java:78)
	at io.cucumber.core.runner.Runner.runPickle(Runner.java:75)
	at io.cucumber.junit.PickleRunners$NoStepDescriptions.lambda$run$0(PickleRunners.java:151)
	at io.cucumber.core.runtime.CucumberExecutionContext.lambda$runTestCase$5(CucumberExecutionContext.java:136)
	at io.cucumber.core.runtime.RethrowingThrowableCollector.executeAndThrow(RethrowingThrowableCollector.java:23)
	at io.cucumber.core.runtime.CucumberExecutionContext.runTestCase(CucumberExecutionContext.java:136)
	at io.cucumber.junit.PickleRunners$NoStepDescriptions.run(PickleRunners.java:148)
	at io.cucumber.junit.FeatureRunner.runChild(FeatureRunner.java:144)
	at io.cucumber.junit.FeatureRunner.runChild(FeatureRunner.java:28)
	at org.junit.runners.ParentRunner$4.run(ParentRunner.java:331)
	at org.junit.runners.ParentRunner$1.schedule(ParentRunner.java:79)
	at org.junit.runners.ParentRunner.runChildren(ParentRunner.java:329)
	at org.junit.runners.ParentRunner.access$100(ParentRunner.java:66)
	at org.junit.runners.ParentRunner$2.evaluate(ParentRunner.java:293)
	at org.junit.runners.ParentRunner$3.evaluate(ParentRunner.java:306)
	at org.junit.runners.ParentRunner.run(ParentRunner.java:413)
	at io.cucumber.junit.FeatureRunner.run(FeatureRunner.java:137)
	at io.cucumber.junit.Cucumber.runChild(Cucumber.java:196)
	at io.cucumber.junit.Cucumber.runChild(Cucumber.java:89)
	at org.junit.runners.ParentRunner$4.run(ParentRunner.java:331)
	at org.junit.runners.ParentRunner$1.schedule(ParentRunner.java:79)
	at org.junit.runners.ParentRunner.runChildren(ParentRunner.java:329)
	at org.junit.runners.ParentRunner.access$100(ParentRunner.java:66)
	at org.junit.runners.ParentRunner$2.evaluate(ParentRunner.java:293)
	at io.cucumber.core.runtime.CucumberExecutionContext.lambda$runFeatures$6(CucumberExecutionContext.java:147)
	at io.cucumber.core.runtime.CucumberExecutionContext.execute(CucumberExecutionContext.java:162)
	at io.cucumber.core.runtime.CucumberExecutionContext.runFeatures(CucumberExecutionContext.java:145)
	at io.cucumber.junit.Cucumber$StartAndFinishTestRun.evaluate(Cucumber.java:226)
	at org.junit.runners.ParentRunner$3.evaluate(ParentRunner.java:306)
	at org.junit.runners.ParentRunner.run(ParentRunner.java:413)
	at org.apache.maven.surefire.junit4.JUnit4Provider.execute(JUnit4Provider.java:316)
	at org.apache.maven.surefire.junit4.JUnit4Provider.executeWithRerun(JUnit4Provider.java:240)
	at org.apache.maven.surefire.junit4.JUnit4Provider.executeTestSet(JUnit4Provider.java:214)
	at org.apache.maven.surefire.junit4.JUnit4Provider.invoke(JUnit4Provider.java:155)
	at org.apache.maven.surefire.booter.ForkedBooter.runSuitesInProcess(ForkedBooter.java:385)
	at org.apache.maven.surefire.booter.ForkedBooter.execute(ForkedBooter.java:162)
	at org.apache.maven.surefire.booter.ForkedBooter.run(ForkedBooter.java:507)
	at org.apache.maven.surefire.booter.ForkedBooter.main(ForkedBooter.java:495)
Caused by: org.openqa.selenium.net.UrlChecker$TimeoutException: Timed out waiting for [http://127.0.0.1:4723/status] to be available after 20002 ms
	at org.openqa.selenium.net.UrlChecker.waitUntilAvailable(UrlChecker.java:94)
	at io.appium.java_client.service.local.AppiumDriverLocalService.ping(AppiumDriverLocalService.java:157)
	at io.appium.java_client.service.local.AppiumDriverLocalService.start(AppiumDriverLocalService.java:182)
	... 62 more
Caused by: java.util.concurrent.TimeoutException
	at java.base/java.util.concurrent.FutureTask.get(FutureTask.java:204)
	at org.openqa.selenium.net.UrlChecker.waitUntilAvailable(UrlChecker.java:91)
	... 64 more
</pre>
      </div>
    </div>
  </div>

          
          
  
        </div>
          </div>
  </div>


    
<div class="steps inner-level">
    <div data-toggle="collapse" class=" collapsable-control" data-target="#steps-6">
    
<div class="brief failed">
  <span class="keyword indention">Steps</span>
  <span class="name"></span>
  

       <i class="chevron fa fa-fw"></i>
  </div>

  </div>

  <div id="steps-6" class="inner-level collapse collapsable-details  in ">
          <div class="step">
        
<div class="brief skipped">
  <span class="keyword indention">Then</span>
  <span class="name">verify user is on listing page of the bus page</span>
  
  <span class="lead-duration duration">000ms</span>

  </div>

        


        
        

        

        
  
      </div>
      </div>
</div>


    
  <div class="inner-level hooks-after">
        <div data-toggle="collapse" class=" collapsable-control" data-target="#after-7">
      
<div class="brief failed">
  <span class="keyword indention">Hooks</span>
  <span class="name"></span>
  

       <i class="chevron fa fa-fw"></i>
  </div>

    </div>

    <div id="after-7" class="inner-level collapse collapsable-details  in ">
              <div class="hook">
          <div class="brief failed">
            <span class="keyword indention">After</span>
                          <span class="location name">com.automation.steps.Hooks.cleanUp()</span>
                        
  <span class="lead-duration duration">001ms</span>

          </div>

                      

  <div class="inner-level">
    <div class="message indention">
      <div data-toggle="collapse" class="collapsable-control" data-target="#msg-8">
          <a>Error message</a>
      </div>
      <div id="msg-8" class="collapse collapsable-details">
        <pre>java.lang.NullPointerException: Cannot invoke &quot;org.openqa.selenium.WebDriver.quit()&quot; because the return value of &quot;com.automation.utils.DriverManager.getDriver()&quot; is null
	at com.automation.steps.Hooks.cleanUp(Hooks.java:18)
</pre>
      </div>
    </div>
  </div>

          
          
  
        </div>
          </div>
  </div>

  </div>
</div>

                      
<div class="element">
  
  
<div class="tags indention">
  </div>


    <span data-toggle="collapse" class=" collapsable-control" data-target="#element-9">
    
<div class="brief failed">
  <span class="keyword indention">Background</span>
  <span class="name"></span>
  

       <i class="chevron fa fa-fw"></i>
  </div>

  </span>
  <div class="description indention"></div>

  <div id="element-9" class="collapse collapsable-details  in ">
    


    
<div class="steps inner-level">
    <div data-toggle="collapse" class=" collapsable-control" data-target="#steps-10">
    
<div class="brief failed">
  <span class="keyword indention">Steps</span>
  <span class="name"></span>
  

       <i class="chevron fa fa-fw"></i>
  </div>

  </div>

  <div id="steps-10" class="inner-level collapse collapsable-details  in ">
          <div class="step">
        
<div class="brief skipped">
  <span class="keyword indention">Given</span>
  <span class="name">user opens the website</span>
  
  <span class="lead-duration duration">000ms</span>

  </div>

        


        
        

        

        
  
      </div>
          <div class="step">
        
<div class="brief skipped">
  <span class="keyword indention">Then</span>
  <span class="name">verify user is on home page</span>
  
  <span class="lead-duration duration">000ms</span>

  </div>

        


        
        

        

        
  
      </div>
          <div class="step">
        
<div class="brief skipped">
  <span class="keyword indention">When</span>
  <span class="name">the user clicks on Bus from the navigation bar</span>
  
  <span class="lead-duration duration">000ms</span>

  </div>

        


        
        

        

        
  
      </div>
          <div class="step">
        
<div class="brief skipped">
  <span class="keyword indention">Then</span>
  <span class="name">verify the user is on the bus home page</span>
  
  <span class="lead-duration duration">000ms</span>

  </div>

        


        
        

        

        
  
      </div>
          <div class="step">
        
<div class="brief skipped">
  <span class="keyword indention">When</span>
  <span class="name">user enter the source city &quot;bus.source.city&quot;</span>
  
  <span class="lead-duration duration">000ms</span>

  </div>

        


        
        

        

        
  
      </div>
          <div class="step">
        
<div class="brief skipped">
  <span class="keyword indention">And</span>
  <span class="name">user enter the destination city &quot;bus.destination.city&quot;</span>
  
  <span class="lead-duration duration">000ms</span>

  </div>

        


        
        

        

        
  
      </div>
          <div class="step">
        
<div class="brief skipped">
  <span class="keyword indention">And</span>
  <span class="name">user select departure date as &quot;bus.booking.checkout.date&quot;</span>
  
  <span class="lead-duration duration">000ms</span>

  </div>

        


        
        

        

        
  
      </div>
          <div class="step">
        
<div class="brief skipped">
  <span class="keyword indention">And</span>
  <span class="name">user click on search button on the bus page</span>
  
  <span class="lead-duration duration">000ms</span>

  </div>

        


        
        

        

        
  
      </div>
      </div>
</div>


    

  </div>
</div>

                      
<div class="element">
  
  
<div class="tags indention">
      <b>Tags:</b>
           <a href="report-tag_mobile.html">@mobile</a>
      </div>


    <span data-toggle="collapse" class=" collapsable-control" data-target="#element-11">
    
<div class="brief failed">
  <span class="keyword indention">Scenario</span>
  <span class="name">Verify bus booking checkout mobile</span>
  

       <i class="chevron fa fa-fw"></i>
  </div>

  </span>
  <div class="description indention"></div>

  <div id="element-11" class="collapse collapsable-details  in ">
    
  <div class="inner-level hooks-before">
        <div data-toggle="collapse" class=" collapsable-control" data-target="#before-12">
      
<div class="brief failed">
  <span class="keyword indention">Hooks</span>
  <span class="name"></span>
  

       <i class="chevron fa fa-fw"></i>
  </div>

    </div>

    <div id="before-12" class="inner-level collapse collapsable-details  in ">
              <div class="hook">
          <div class="brief failed">
            <span class="keyword indention">Before</span>
                          <span class="location name">com.automation.steps.Hooks.setUp()</span>
                        
  <span class="lead-duration duration">21s 822ms</span>

          </div>

                      

  <div class="inner-level">
    <div class="message indention">
      <div data-toggle="collapse" class="collapsable-control" data-target="#msg-13">
          <a>Error message</a>
      </div>
      <div id="msg-13" class="collapse collapsable-details">
        <pre>org.openqa.selenium.SessionNotCreatedException: Could not start a new session. Possible causes are invalid address of the remote server or browser start-up failure. 
Host info: host: 'G736LTRV', ip: '172.16.253.110'
Build info: version: '4.13.0', revision: 'ba948ece5b*'
System info: os.name: 'Windows 10', os.arch: 'amd64', os.version: '10.0', java.version: '17.0.1'
Driver info: io.appium.java_client.AppiumDriver
Command: [null, newSession {capabilities=[{appium:app=C:\Users\280662\Downloads\easemytrip.apk, appium:appActivity=com.easemytrip.android.SplashScreenActivity, appium:appPackage=com.easemytrip.android, appium:autoGrantPermissions=true, appium:automationName=UiAutomator2, appium:deviceName=emulator-5554, platformName=ANDROID}], desiredCapabilities=Capabilities {app: C:\Users\280662\Downloads\e..., appActivity: com.easemytrip.android.Spla..., appPackage: com.easemytrip.android, autoGrantPermissions: true, automationName: UiAutomator2, deviceName: emulator-5554, platformName: ANDROID}}]
Capabilities {app: C:\Users\280662\Downloads\e..., appActivity: com.easemytrip.android.Spla..., appPackage: com.easemytrip.android, autoGrantPermissions: true, automationName: UiAutomator2, deviceName: emulator-5554, platformName: ANDROID}
	at org.openqa.selenium.remote.RemoteWebDriver.execute(RemoteWebDriver.java:620)
	at io.appium.java_client.AppiumDriver.startSession(AppiumDriver.java:274)
	at org.openqa.selenium.remote.RemoteWebDriver.&lt;init&gt;(RemoteWebDriver.java:163)
	at io.appium.java_client.AppiumDriver.&lt;init&gt;(AppiumDriver.java:89)
	at io.appium.java_client.AppiumDriver.&lt;init&gt;(AppiumDriver.java:112)
	at io.appium.java_client.AppiumDriver.&lt;init&gt;(AppiumDriver.java:137)
	at com.automation.utils.DriverManager.createDriver(DriverManager.java:27)
	at com.automation.steps.Hooks.setUp(Hooks.java:13)
Caused by: io.appium.java_client.service.local.AppiumServerHasNotBeenStartedLocallyException: [The local appium server has not been started, Reason: Timed out waiting for [http://127.0.0.1:4723/status] to be available after 20011 ms, Consider increasing the server startup timeout value (currently 20000ms), Node.js executable path: C:\node-v20.16.0-win-x64\node.exe, Arguments: [C:\node-v20.16.0-win-x64\node_modules\appium\build\lib\main.js, --port, 4723, --address, 0.0.0.0], Output: [38;5;112m[Appium][0m Welcome to Appium v2.11.3
[38;5;112m[Appium][0m The autodetected Appium home path: C:\Users\280662\.appium
[38;5;112m[Appium][0m Attempting to load driver uiautomator2...
[38;5;112m[Appium][0m Requiring driver at C:\Users\280662\.appium\node_modules\appium-uiautomator2-driver\build\index.js
]
	at io.appium.java_client.service.local.AppiumDriverLocalService.start(AppiumDriverLocalService.java:203)
	at io.appium.java_client.remote.AppiumCommandExecutor.lambda$execute$2(AppiumCommandExecutor.java:242)
	at java.base/java.util.Optional.ifPresent(Optional.java:178)
	at io.appium.java_client.remote.AppiumCommandExecutor.execute(AppiumCommandExecutor.java:240)
	at org.openqa.selenium.remote.RemoteWebDriver.execute(RemoteWebDriver.java:602)
	at io.appium.java_client.AppiumDriver.startSession(AppiumDriver.java:274)
	at org.openqa.selenium.remote.RemoteWebDriver.&lt;init&gt;(RemoteWebDriver.java:163)
	at io.appium.java_client.AppiumDriver.&lt;init&gt;(AppiumDriver.java:89)
	at io.appium.java_client.AppiumDriver.&lt;init&gt;(AppiumDriver.java:112)
	at io.appium.java_client.AppiumDriver.&lt;init&gt;(AppiumDriver.java:137)
	at com.automation.utils.DriverManager.createDriver(DriverManager.java:27)
	at com.automation.steps.Hooks.setUp(Hooks.java:13)
	at java.base/jdk.internal.reflect.NativeMethodAccessorImpl.invoke0(Native Method)
	at java.base/jdk.internal.reflect.NativeMethodAccessorImpl.invoke(NativeMethodAccessorImpl.java:77)
	at java.base/jdk.internal.reflect.DelegatingMethodAccessorImpl.invoke(DelegatingMethodAccessorImpl.java:43)
	at java.base/java.lang.reflect.Method.invoke(Method.java:568)
	at io.cucumber.java.Invoker.doInvoke(Invoker.java:66)
	at io.cucumber.java.Invoker.invoke(Invoker.java:24)
	at io.cucumber.java.AbstractGlueDefinition.invokeMethod(AbstractGlueDefinition.java:47)
	at io.cucumber.java.JavaHookDefinition.execute(JavaHookDefinition.java:64)
	at io.cucumber.core.runner.CoreHookDefinition.execute(CoreHookDefinition.java:46)
	at io.cucumber.core.runner.HookDefinitionMatch.runStep(HookDefinitionMatch.java:21)
	at io.cucumber.core.runner.ExecutionMode$1.execute(ExecutionMode.java:10)
	at io.cucumber.core.runner.TestStep.executeStep(TestStep.java:81)
	at io.cucumber.core.runner.TestStep.run(TestStep.java:53)
	at io.cucumber.core.runner.TestCase.run(TestCase.java:78)
	at io.cucumber.core.runner.Runner.runPickle(Runner.java:75)
	at io.cucumber.junit.PickleRunners$NoStepDescriptions.lambda$run$0(PickleRunners.java:151)
	at io.cucumber.core.runtime.CucumberExecutionContext.lambda$runTestCase$5(CucumberExecutionContext.java:136)
	at io.cucumber.core.runtime.RethrowingThrowableCollector.executeAndThrow(RethrowingThrowableCollector.java:23)
	at io.cucumber.core.runtime.CucumberExecutionContext.runTestCase(CucumberExecutionContext.java:136)
	at io.cucumber.junit.PickleRunners$NoStepDescriptions.run(PickleRunners.java:148)
	at io.cucumber.junit.FeatureRunner.runChild(FeatureRunner.java:144)
	at io.cucumber.junit.FeatureRunner.runChild(FeatureRunner.java:28)
	at org.junit.runners.ParentRunner$4.run(ParentRunner.java:331)
	at org.junit.runners.ParentRunner$1.schedule(ParentRunner.java:79)
	at org.junit.runners.ParentRunner.runChildren(ParentRunner.java:329)
	at org.junit.runners.ParentRunner.access$100(ParentRunner.java:66)
	at org.junit.runners.ParentRunner$2.evaluate(ParentRunner.java:293)
	at org.junit.runners.ParentRunner$3.evaluate(ParentRunner.java:306)
	at org.junit.runners.ParentRunner.run(ParentRunner.java:413)
	at io.cucumber.junit.FeatureRunner.run(FeatureRunner.java:137)
	at io.cucumber.junit.Cucumber.runChild(Cucumber.java:196)
	at io.cucumber.junit.Cucumber.runChild(Cucumber.java:89)
	at org.junit.runners.ParentRunner$4.run(ParentRunner.java:331)
	at org.junit.runners.ParentRunner$1.schedule(ParentRunner.java:79)
	at org.junit.runners.ParentRunner.runChildren(ParentRunner.java:329)
	at org.junit.runners.ParentRunner.access$100(ParentRunner.java:66)
	at org.junit.runners.ParentRunner$2.evaluate(ParentRunner.java:293)
	at io.cucumber.core.runtime.CucumberExecutionContext.lambda$runFeatures$6(CucumberExecutionContext.java:147)
	at io.cucumber.core.runtime.CucumberExecutionContext.execute(CucumberExecutionContext.java:162)
	at io.cucumber.core.runtime.CucumberExecutionContext.runFeatures(CucumberExecutionContext.java:145)
	at io.cucumber.junit.Cucumber$StartAndFinishTestRun.evaluate(Cucumber.java:226)
	at org.junit.runners.ParentRunner$3.evaluate(ParentRunner.java:306)
	at org.junit.runners.ParentRunner.run(ParentRunner.java:413)
	at org.apache.maven.surefire.junit4.JUnit4Provider.execute(JUnit4Provider.java:316)
	at org.apache.maven.surefire.junit4.JUnit4Provider.executeWithRerun(JUnit4Provider.java:240)
	at org.apache.maven.surefire.junit4.JUnit4Provider.executeTestSet(JUnit4Provider.java:214)
	at org.apache.maven.surefire.junit4.JUnit4Provider.invoke(JUnit4Provider.java:155)
	at org.apache.maven.surefire.booter.ForkedBooter.runSuitesInProcess(ForkedBooter.java:385)
	at org.apache.maven.surefire.booter.ForkedBooter.execute(ForkedBooter.java:162)
	at org.apache.maven.surefire.booter.ForkedBooter.run(ForkedBooter.java:507)
	at org.apache.maven.surefire.booter.ForkedBooter.main(ForkedBooter.java:495)
Caused by: org.openqa.selenium.net.UrlChecker$TimeoutException: Timed out waiting for [http://127.0.0.1:4723/status] to be available after 20011 ms
	at org.openqa.selenium.net.UrlChecker.waitUntilAvailable(UrlChecker.java:94)
	at io.appium.java_client.service.local.AppiumDriverLocalService.ping(AppiumDriverLocalService.java:157)
	at io.appium.java_client.service.local.AppiumDriverLocalService.start(AppiumDriverLocalService.java:182)
	... 62 more
Caused by: java.util.concurrent.TimeoutException
	at java.base/java.util.concurrent.FutureTask.get(FutureTask.java:204)
	at org.openqa.selenium.net.UrlChecker.waitUntilAvailable(UrlChecker.java:91)
	... 64 more
</pre>
      </div>
    </div>
  </div>

          
          
  
        </div>
          </div>
  </div>


    
<div class="steps inner-level">
    <div data-toggle="collapse" class=" collapsable-control" data-target="#steps-14">
    
<div class="brief failed">
  <span class="keyword indention">Steps</span>
  <span class="name"></span>
  

       <i class="chevron fa fa-fw"></i>
  </div>

  </div>

  <div id="steps-14" class="inner-level collapse collapsable-details  in ">
          <div class="step">
        
<div class="brief skipped">
  <span class="keyword indention">Then</span>
  <span class="name">verify user is on listing page of the bus page</span>
  
  <span class="lead-duration duration">000ms</span>

  </div>

        


        
        

        

        
  
      </div>
          <div class="step">
        
<div class="brief skipped">
  <span class="keyword indention">When</span>
  <span class="name">user click on select seat button for the first bus displayed on listing page</span>
  
  <span class="lead-duration duration">000ms</span>

  </div>

        


        
        

        

        
  
      </div>
          <div class="step">
        
<div class="brief skipped">
  <span class="keyword indention">And</span>
  <span class="name">select the first available seat</span>
  
  <span class="lead-duration duration">000ms</span>

  </div>

        


        
        

        

        
  
      </div>
          <div class="step">
        
<div class="brief skipped">
  <span class="keyword indention">Then</span>
  <span class="name">verify the seat is selected</span>
  
  <span class="lead-duration duration">000ms</span>

  </div>

        


        
        

        

        
  
      </div>
          <div class="step">
        
<div class="brief skipped">
  <span class="keyword indention">And</span>
  <span class="name">user select the first boarding point</span>
  
  <span class="lead-duration duration">000ms</span>

  </div>

        


        
        

        

        
  
      </div>
          <div class="step">
        
<div class="brief skipped">
  <span class="keyword indention">And</span>
  <span class="name">user select the first dropping point</span>
  
  <span class="lead-duration duration">000ms</span>

  </div>

        


        
        

        

        
  
      </div>
          <div class="step">
        
<div class="brief skipped">
  <span class="keyword indention">And</span>
  <span class="name">user click on continue button</span>
  
  <span class="lead-duration duration">000ms</span>

  </div>

        


        
        

        

        
  
      </div>
          <div class="step">
        
<div class="brief skipped">
  <span class="keyword indention">Then</span>
  <span class="name">verify user is on bus booking review page</span>
  
  <span class="lead-duration duration">000ms</span>

  </div>

        


        
        

        

        
  
      </div>
          <div class="step">
        
<div class="brief skipped">
  <span class="keyword indention">Then</span>
  <span class="name">verify user is on bus booking travellers page</span>
  
  <span class="lead-duration duration">000ms</span>

  </div>

        


        
        

        

        
  
      </div>
          <div class="step">
        
<div class="brief skipped">
  <span class="keyword indention">When</span>
  <span class="name">user enter the traveller details</span>
  
  <span class="lead-duration duration">000ms</span>

  </div>

        


                  <table class="step-arguments">
                          <tr>
                                  <td>bus.booking.title</td>
                              </tr>
                          <tr>
                                  <td>bus.booking.first.name</td>
                              </tr>
                          <tr>
                                  <td>bus.booking.last.name</td>
                              </tr>
                          <tr>
                                  <td>bus.booking.age</td>
                              </tr>
                          <tr>
                                  <td>bus.booking.email</td>
                              </tr>
                          <tr>
                                  <td>bus.booking.mobile</td>
                              </tr>
                      </table>
        
        

        

        
  
      </div>
          <div class="step">
        
<div class="brief skipped">
  <span class="keyword indention">When</span>
  <span class="name">user click on &quot;Secure My Trip&quot;</span>
  
  <span class="lead-duration duration">000ms</span>

  </div>

        


        
        

        

        
  
      </div>
          <div class="step">
        
<div class="brief skipped">
  <span class="keyword indention">And</span>
  <span class="name">user click on continue button in review booking page</span>
  
  <span class="lead-duration duration">000ms</span>

  </div>

        


        
        

        

        
  
      </div>
          <div class="step">
        
<div class="brief skipped">
  <span class="keyword indention">And</span>
  <span class="name">user click on continue button in travellers booking page</span>
  
  <span class="lead-duration duration">000ms</span>

  </div>

        


        
        

        

        
  
      </div>
          <div class="step">
        
<div class="brief skipped">
  <span class="keyword indention">Then</span>
  <span class="name">verify user is on payment booking page</span>
  
  <span class="lead-duration duration">000ms</span>

  </div>

        


        
        

        

        
  
      </div>
      </div>
</div>


    
  <div class="inner-level hooks-after">
        <div data-toggle="collapse" class=" collapsable-control" data-target="#after-15">
      
<div class="brief failed">
  <span class="keyword indention">Hooks</span>
  <span class="name"></span>
  

       <i class="chevron fa fa-fw"></i>
  </div>

    </div>

    <div id="after-15" class="inner-level collapse collapsable-details  in ">
              <div class="hook">
          <div class="brief failed">
            <span class="keyword indention">After</span>
                          <span class="location name">com.automation.steps.Hooks.cleanUp()</span>
                        
  <span class="lead-duration duration">001ms</span>

          </div>

                      

  <div class="inner-level">
    <div class="message indention">
      <div data-toggle="collapse" class="collapsable-control" data-target="#msg-16">
          <a>Error message</a>
      </div>
      <div id="msg-16" class="collapse collapsable-details">
        <pre>java.lang.NullPointerException: Cannot invoke &quot;org.openqa.selenium.WebDriver.quit()&quot; because the return value of &quot;com.automation.utils.DriverManager.getDriver()&quot; is null
	at com.automation.steps.Hooks.cleanUp(Hooks.java:18)
</pre>
      </div>
    </div>
  </div>

          
          
  
        </div>
          </div>
  </div>

  </div>
</div>

                  </div>

      </div>
    </div>
  </div>
</div>


<div class="container-fluid">
  <div class="row">
    <div class="col-md-10 col-md-offset-10">
      <i class="fa fa-chevron-circle-down fa-2x collapsable-control"
        onClick="javascript:$('#report .collapsable-details').collapse('show')"></i>
      <i class="fa fa-chevron-circle-up fa-2x collapsable-control"
        onClick="javascript:$('#report .collapsable-details').collapse('hide')"></i>
    </div>
  </div>
</div>

<br>

<nav class="navbar navbar-default" id="footer">
  <div class="container-fluid">
    <p class="navbar-text navbar-right">
        <small>generate Cucumber HTML reports via:&nbsp;</small>
        <a class="navbar-link" href="https://github.com/jenkinsci/cucumber-reports-plugin">Jenkins Plugin</a> |
        <a class="navbar-link" href="https://github.com/damianszczepanik/cucumber-reporting">Standalone</a> |
        <a class="navbar-link" href="https://github.com/damianszczepanik/cucumber-sandwich">Sandwich</a> |
        <a class="navbar-link" href="https://github.com/damianszczepanik/maven-cucumber-reporting">Maven</a>
        &nbsp;&nbsp;
    </p>
  </div>
</nav>

</body>
</html>
